#
# There is insufficient memory for the Java Runtime Environment to continue.
# Native memory allocation (malloc) failed to allocate 2128384 bytes for Chunk::new
# Possible reasons:
#   The system is out of physical RAM or swap space
#   The process is running with CompressedOops enabled, and the Java Heap may be blocking the growth of the native heap
# Possible solutions:
#   Reduce memory load on the system
#   Increase physical memory or swap space
#   Check if swap backing store is full
#   Decrease Java heap size (-Xmx/-Xms)
#   Decrease number of Java threads
#   Decrease Java thread stack sizes (-Xss)
#   Set larger code cache with -XX:ReservedCodeCacheSize=
#   JVM is running with Unscaled Compressed Oops mode in which the Java heap is
#     placed in the first 4GB address space. The Java Heap base address is the
#     maximum limit for the native heap growth. Please use -XX:HeapBaseMinAddress
#     to set the Java Heap base and to place the Java Heap above 4GB virtual address.
# This output file may be truncated or incomplete.
#
#  Out of Memory Error (arena.cpp:189), pid=13028, tid=3892
#
# JRE version: OpenJDK Runtime Environment Temurin-17.0.8.1+1 (17.0.8.1+1) (build 17.0.8.1+1)
# Java VM: OpenJDK 64-Bit Server VM Temurin-17.0.8.1+1 (17.0.8.1+1, mixed mode, tiered, compressed oops, compressed class ptrs, parallel gc, windows-amd64)
# No core dump will be written. Minidumps are not enabled by default on client versions of Windows
#

---------------  S U M M A R Y ------------

Command Line: --add-modules=ALL-SYSTEM --add-opens=java.base/java.util=ALL-UNNAMED --add-opens=java.base/java.lang=ALL-UNNAMED --add-opens=java.base/sun.nio.fs=ALL-UNNAMED -Declipse.application=org.eclipse.jdt.ls.core.id1 -Dosgi.bundles.defaultStartLevel=4 -Declipse.product=org.eclipse.jdt.ls.core.product -Djava.import.generatesMetadataFilesAtProjectRoot=false -DDetectVMInstallationsJob.disabled=true -Dfile.encoding=utf8 -XX:+UseParallelGC -XX:GCTimeRatio=4 -XX:AdaptiveSizePolicyWeight=90 -Dsun.zip.disableMemoryMapping=true -Xmx1G -Xms100m -Xlog:disable -javaagent:c:\Users\HP\.vscode\extensions\redhat.java-1.24.0-win32-x64\lombok\lombok-1.18.30.jar c:\Users\HP\.vscode\extensions\redhat.java-1.24.0-win32-x64\server\plugins\org.eclipse.equinox.launcher_1.6.500.v20230717-2134.jar -configuration c:\Users\HP\AppData\Roaming\Code\User\globalStorage\redhat.java\1.24.0\config_ss_win -data c:\Users\HP\AppData\Roaming\Code\User\workspaceStorage\3e3afbf3b77c13b8cfcf655b421555bd\redhat.java\ss_ws --stdio

Host: Intel(R) Core(TM) i5-3437U CPU @ 1.90GHz, 4 cores, 3G,  Windows 10 , 64 bit Build 19041 (10.0.19041.1)
Time: Thu Nov 16 23:03:58 2023 SE Asia Standard Time elapsed time: 6.683783 seconds (0d 0h 0m 6s)

---------------  T H R E A D  ---------------

Current thread (0x00000219f425a570):  JavaThread "C2 CompilerThread0" daemon [_thread_in_native, id=3892, stack(0x000000c97bf00000,0x000000c97c000000)]


Current CompileTask:
C2:   6683 2316       4       org.lombokweb.asm.ClassReader::readMethod (1066 bytes)

Stack: [0x000000c97bf00000,0x000000c97c000000]
Native frames: (J=compiled Java code, j=interpreted, Vv=VM code, C=native code)
V  [jvm.dll+0x678b0a]
V  [jvm.dll+0x835e84]
V  [jvm.dll+0x83762e]
V  [jvm.dll+0x837c93]
V  [jvm.dll+0x24746f]
V  [jvm.dll+0xac20c]
V  [jvm.dll+0xac7dc]
V  [jvm.dll+0x365ca7]
V  [jvm.dll+0x1bd012]
V  [jvm.dll+0x219d49]
V  [jvm.dll+0x219011]
V  [jvm.dll+0x1a534d]
V  [jvm.dll+0x228d8a]
V  [jvm.dll+0x226dcc]
V  [jvm.dll+0x7ec09b]
V  [jvm.dll+0x7e64ca]
V  [jvm.dll+0x677955]
C  [ucrtbase.dll+0x21542]
C  [KERNEL32.DLL+0x16fd4]
C  [ntdll.dll+0x4cf31]


---------------  P R O C E S S  ---------------

Threads class SMR info:
_java_thread_list=0x00000219fada7320, length=21, elements={
0x00000219ed50c260, 0x00000219ed5cabb0, 0x00000219ed5cce50, 0x00000219f4254150,
0x00000219f4254ee0, 0x00000219f4257e80, 0x00000219f42598c0, 0x00000219f425a570,
0x00000219f9457550, 0x00000219f428eaf0, 0x00000219f9524250, 0x00000219f9670c30,
0x00000219f9ce2870, 0x00000219f9e09bb0, 0x00000219f9e0a090, 0x00000219f9dc6ff0,
0x00000219f9d299d0, 0x00000219f9fe2240, 0x00000219f9fe1820, 0x00000219f9fdf9c0,
0x00000219f9fdfed0
}

Java Threads: ( => current thread )
  0x00000219ed50c260 JavaThread "main" [_thread_blocked, id=14032, stack(0x000000c97b600000,0x000000c97b700000)]
  0x00000219ed5cabb0 JavaThread "Reference Handler" daemon [_thread_blocked, id=2368, stack(0x000000c97b900000,0x000000c97ba00000)]
  0x00000219ed5cce50 JavaThread "Finalizer" daemon [_thread_blocked, id=10036, stack(0x000000c97ba00000,0x000000c97bb00000)]
  0x00000219f4254150 JavaThread "Signal Dispatcher" daemon [_thread_blocked, id=2164, stack(0x000000c97bb00000,0x000000c97bc00000)]
  0x00000219f4254ee0 JavaThread "Attach Listener" daemon [_thread_blocked, id=13468, stack(0x000000c97bc00000,0x000000c97bd00000)]
  0x00000219f4257e80 JavaThread "Service Thread" daemon [_thread_blocked, id=2932, stack(0x000000c97bd00000,0x000000c97be00000)]
  0x00000219f42598c0 JavaThread "Monitor Deflation Thread" daemon [_thread_blocked, id=1332, stack(0x000000c97be00000,0x000000c97bf00000)]
=>0x00000219f425a570 JavaThread "C2 CompilerThread0" daemon [_thread_in_native, id=3892, stack(0x000000c97bf00000,0x000000c97c000000)]
  0x00000219f9457550 JavaThread "C1 CompilerThread0" daemon [_thread_blocked, id=7768, stack(0x000000c97c000000,0x000000c97c100000)]
  0x00000219f428eaf0 JavaThread "Sweeper thread" daemon [_thread_blocked, id=8940, stack(0x000000c97c100000,0x000000c97c200000)]
  0x00000219f9524250 JavaThread "Common-Cleaner" daemon [_thread_blocked, id=7460, stack(0x000000c97c200000,0x000000c97c300000)]
  0x00000219f9670c30 JavaThread "Notification Thread" daemon [_thread_blocked, id=13568, stack(0x000000c97c300000,0x000000c97c400000)]
  0x00000219f9ce2870 JavaThread "Active Thread: Equinox Container: c2301128-98c0-4bb1-9b88-984b6963263f" [_thread_blocked, id=7408, stack(0x000000c97c800000,0x000000c97c900000)]
  0x00000219f9e09bb0 JavaThread "Framework Event Dispatcher: Equinox Container: c2301128-98c0-4bb1-9b88-984b6963263f" daemon [_thread_blocked, id=13540, stack(0x000000c97c900000,0x000000c97ca00000)]
  0x00000219f9e0a090 JavaThread "Start Level: Equinox Container: c2301128-98c0-4bb1-9b88-984b6963263f" daemon [_thread_blocked, id=12064, stack(0x000000c97ca00000,0x000000c97cb00000)]
  0x00000219f9dc6ff0 JavaThread "SCR Component Actor" daemon [_thread_blocked, id=1876, stack(0x000000c97cb00000,0x000000c97cc00000)]
  0x00000219f9d299d0 JavaThread "SCR Component Registry" daemon [_thread_blocked, id=9740, stack(0x000000c97cc00000,0x000000c97cd00000)]
  0x00000219f9fe2240 JavaThread "Worker-JM" [_thread_blocked, id=9000, stack(0x000000c97cd00000,0x000000c97ce00000)]
  0x00000219f9fe1820 JavaThread "Worker-0: Processing Java changes since last activation" [_thread_blocked, id=11268, stack(0x000000c97ce00000,0x000000c97cf00000)]
  0x00000219f9fdf9c0 JavaThread "Worker-1" [_thread_blocked, id=9244, stack(0x000000c97cf00000,0x000000c97d000000)]
  0x00000219f9fdfed0 JavaThread "Java indexing" daemon [_thread_new, id=11364, stack(0x0000000000000000,0x0000000000000000)]

Other Threads:
  0x00000219f421c870 VMThread "VM Thread" [stack: 0x000000c97b800000,0x000000c97b900000] [id=4344] _threads_hazard_ptr=0x00000219fada7320
  0x00000219f97092e0 WatcherThread [stack: 0x000000c97c400000,0x000000c97c500000] [id=7588]
  0x00000219ed521d60 GCTaskThread "GC Thread#0" [stack: 0x000000c97b700000,0x000000c97b800000] [id=12096]
  0x00000219f98e2b50 GCTaskThread "GC Thread#1" [stack: 0x000000c97c500000,0x000000c97c600000] [id=11524]
  0x00000219f9c93430 GCTaskThread "GC Thread#2" [stack: 0x000000c97c600000,0x000000c97c700000] [id=11588]
  0x00000219f9c936f0 GCTaskThread "GC Thread#3" [stack: 0x000000c97c700000,0x000000c97c800000] [id=11912]

Threads with active compile tasks:
C2 CompilerThread0     6716 2316       4       org.lombokweb.asm.ClassReader::readMethod (1066 bytes)

VM state: synchronizing (normal execution)

VM Mutex/Monitor currently owned by a thread:  ([mutex/lock_event])
[0x00000219ed508fe0] Threads_lock - owner thread: 0x00000219f421c870
[0x00000219ed507e70] Heap_lock - owner thread: 0x00000219f9fe1820

Heap address: 0x00000000c0000000, size: 1024 MB, Compressed Oops mode: 32-bit

CDS archive(s) not mapped
Compressed class space mapped at: 0x0000000100000000-0x0000000140000000, reserved size: 1073741824
Narrow klass base: 0x0000000000000000, Narrow klass shift: 3, Narrow klass range: 0x140000000

GC Precious Log:
 CPUs: 4 total, 4 available
 Memory: 3959M
 Large Page Support: Disabled
 NUMA Support: Disabled
 Compressed Oops: Enabled (32-bit)
 Alignments: Space 512K, Generation 512K, Heap 2M
 Heap Min Capacity: 100M
 Heap Initial Capacity: 100M
 Heap Max Capacity: 1G
 Pre-touch: Disabled
 Parallel Workers: 4

Heap:
 PSYoungGen      total 26112K, used 25753K [0x00000000eab00000, 0x00000000ec880000, 0x0000000100000000)
  eden space 25088K, 99% used [0x00000000eab00000,0x00000000ec37fac0,0x00000000ec380000)
  from space 1024K, 65% used [0x00000000ec400000,0x00000000ec4a6ce0,0x00000000ec500000)
  to   space 2560K, 0% used [0x00000000ec600000,0x00000000ec600000,0x00000000ec880000)
 ParOldGen       total 68608K, used 6622K [0x00000000c0000000, 0x00000000c4300000, 0x00000000eab00000)
  object space 68608K, 9% used [0x00000000c0000000,0x00000000c0677850,0x00000000c4300000)
 Metaspace       used 27360K, committed 27904K, reserved 1114112K
  class space    used 2636K, committed 2880K, reserved 1048576K

Card table byte_map: [0x00000219f1b20000,0x00000219f1d30000] _byte_map_base: 0x00000219f1520000

Marking Bits: (ParMarkBitMap*) 0x00007ffdcd5483a0
 Begin Bits: [0x00000219f1e90000, 0x00000219f2e90000)
 End Bits:   [0x00000219f2e90000, 0x00000219f3e90000)

Polling page: 0x00000219ed330000

Metaspace:

Usage:
  Non-class:     24.15 MB used.
      Class:      2.57 MB used.
       Both:     26.72 MB used.

Virtual space:
  Non-class space:       64.00 MB reserved,      24.44 MB ( 38%) committed,  1 nodes.
      Class space:        1.00 GB reserved,       2.81 MB ( <1%) committed,  1 nodes.
             Both:        1.06 GB reserved,      27.25 MB (  3%) committed. 

Chunk freelists:
   Non-Class:  6.92 MB
       Class:  13.03 MB
        Both:  19.95 MB

MaxMetaspaceSize: unlimited
CompressedClassSpaceSize: 1.00 GB
Initial GC threshold: 21.00 MB
Current GC threshold: 35.00 MB
CDS: off
MetaspaceReclaimPolicy: balanced
 - commit_granule_bytes: 65536.
 - commit_granule_words: 8192.
 - virtual_space_node_default_size: 8388608.
 - enlarge_chunks_in_place: 1.
 - new_chunks_are_fully_committed: 0.
 - uncommit_free_chunks: 1.
 - use_allocation_guard: 0.
 - handle_deallocations: 1.


Internal statistics:

num_allocs_failed_limit: 3.
num_arena_births: 276.
num_arena_deaths: 14.
num_vsnodes_births: 2.
num_vsnodes_deaths: 0.
num_space_committed: 436.
num_space_uncommitted: 0.
num_chunks_returned_to_freelist: 24.
num_chunks_taken_from_freelist: 1040.
num_chunk_merges: 11.
num_chunk_splits: 679.
num_chunks_enlarged: 448.
num_inconsistent_stats: 0.

CodeHeap 'non-profiled nmethods': size=120000Kb used=898Kb max_used=898Kb free=119101Kb
 bounds [0x0000021987ad0000, 0x0000021987d40000, 0x000002198f000000]
CodeHeap 'profiled nmethods': size=120000Kb used=4889Kb max_used=4889Kb free=115110Kb
 bounds [0x0000021980000000, 0x00000219804d0000, 0x0000021987530000]
CodeHeap 'non-nmethods': size=5760Kb used=1227Kb max_used=1234Kb free=4532Kb
 bounds [0x0000021987530000, 0x00000219877a0000, 0x0000021987ad0000]
 total_blobs=2945 nmethods=2404 adapters=455
 compilation: enabled
              stopped_count=0, restarted_count=0
 full_count=0

Compilation events (20 events):
Event: 6.609 Thread 0x00000219f9457550 2399       3       com.sun.org.apache.xerces.internal.util.ParserConfigurationSettings::getFeature (20 bytes)
Event: 6.610 Thread 0x00000219f9457550 nmethod 2399 0x00000219804bfc90 code [0x00000219804bfe40, 0x00000219804c0128]
Event: 6.610 Thread 0x00000219f9457550 2400       3       com.sun.org.apache.xerces.internal.parsers.XML11Configuration::getFeatureState0 (6 bytes)
Event: 6.610 Thread 0x00000219f9457550 nmethod 2400 0x00000219804c0290 code [0x00000219804c0420, 0x00000219804c0568]
Event: 6.610 Thread 0x00000219f9457550 2401       3       com.sun.org.apache.xerces.internal.util.ParserConfigurationSettings::getFeatureState (46 bytes)
Event: 6.611 Thread 0x00000219f9457550 nmethod 2401 0x00000219804c0610 code [0x00000219804c0840, 0x00000219804c1078]
Event: 6.612 Thread 0x00000219f9457550 2402       1       org.eclipse.jdt.internal.core.ClasspathEntry::getEntryKind (5 bytes)
Event: 6.612 Thread 0x00000219f9457550 nmethod 2402 0x0000021987bafe90 code [0x0000021987bb0020, 0x0000021987bb00f8]
Event: 6.612 Thread 0x00000219f9457550 2403   !   3       org.eclipse.core.internal.resources.Workspace::getResourceInfo (108 bytes)
Event: 6.613 Thread 0x00000219f9457550 nmethod 2403 0x00000219804c1390 code [0x00000219804c1600, 0x00000219804c2128]
Event: 6.613 Thread 0x00000219f9457550 2404       3       org.eclipse.core.runtime.Path::collapseSlashes (141 bytes)
Event: 6.614 Thread 0x00000219f9457550 nmethod 2404 0x00000219804c2710 code [0x00000219804c2960, 0x00000219804c32f8]
Event: 6.614 Thread 0x00000219f9457550 2405       3       org.eclipse.core.runtime.Path::computeFlags (143 bytes)
Event: 6.616 Thread 0x00000219f9457550 nmethod 2405 0x00000219804c3690 code [0x00000219804c39e0, 0x00000219804c50f8]
Event: 6.617 Thread 0x00000219f9457550 2406       1       org.eclipse.core.runtime.Path::getDevice (5 bytes)
Event: 6.617 Thread 0x00000219f9457550 nmethod 2406 0x0000021987bb0190 code [0x0000021987bb0320, 0x0000021987bb03f8]
Event: 6.617 Thread 0x00000219f9457550 2407       3       java.lang.invoke.MethodType$ConcurrentWeakInternSet::get (47 bytes)
Event: 6.618 Thread 0x00000219f9457550 nmethod 2407 0x00000219804c5910 code [0x00000219804c5b40, 0x00000219804c6478]
Event: 6.623 Thread 0x00000219f9457550 2409       1       org.eclipse.core.internal.dtree.DataDeltaNode::isDelta (2 bytes)
Event: 6.623 Thread 0x00000219f9457550 nmethod 2409 0x0000021987bb0790 code [0x0000021987bb0920, 0x0000021987bb09f8]

GC Heap History (12 events):
Event: 2.326 GC heap before
{Heap before GC invocations=1 (full 0):
 PSYoungGen      total 29696K, used 25600K [0x00000000eab00000, 0x00000000ecc00000, 0x0000000100000000)
  eden space 25600K, 100% used [0x00000000eab00000,0x00000000ec400000,0x00000000ec400000)
  from space 4096K, 0% used [0x00000000ec800000,0x00000000ec800000,0x00000000ecc00000)
  to   space 4096K, 0% used [0x00000000ec400000,0x00000000ec400000,0x00000000ec800000)
 ParOldGen       total 68608K, used 0K [0x00000000c0000000, 0x00000000c4300000, 0x00000000eab00000)
  object space 68608K, 0% used [0x00000000c0000000,0x00000000c0000000,0x00000000c4300000)
 Metaspace       used 11015K, committed 11200K, reserved 1114112K
  class space    used 1098K, committed 1216K, reserved 1048576K
}
Event: 2.345 GC heap after
{Heap after GC invocations=1 (full 0):
 PSYoungGen      total 29696K, used 3155K [0x00000000eab00000, 0x00000000ecc00000, 0x0000000100000000)
  eden space 25600K, 0% used [0x00000000eab00000,0x00000000eab00000,0x00000000ec400000)
  from space 4096K, 77% used [0x00000000ec400000,0x00000000ec714c18,0x00000000ec800000)
  to   space 4096K, 0% used [0x00000000ec800000,0x00000000ec800000,0x00000000ecc00000)
 ParOldGen       total 68608K, used 0K [0x00000000c0000000, 0x00000000c4300000, 0x00000000eab00000)
  object space 68608K, 0% used [0x00000000c0000000,0x00000000c0000000,0x00000000c4300000)
 Metaspace       used 11015K, committed 11200K, reserved 1114112K
  class space    used 1098K, committed 1216K, reserved 1048576K
}
Event: 3.877 GC heap before
{Heap before GC invocations=2 (full 0):
 PSYoungGen      total 29696K, used 28755K [0x00000000eab00000, 0x00000000ecc00000, 0x0000000100000000)
  eden space 25600K, 100% used [0x00000000eab00000,0x00000000ec400000,0x00000000ec400000)
  from space 4096K, 77% used [0x00000000ec400000,0x00000000ec714c18,0x00000000ec800000)
  to   space 4096K, 0% used [0x00000000ec800000,0x00000000ec800000,0x00000000ecc00000)
 ParOldGen       total 68608K, used 0K [0x00000000c0000000, 0x00000000c4300000, 0x00000000eab00000)
  object space 68608K, 0% used [0x00000000c0000000,0x00000000c0000000,0x00000000c4300000)
 Metaspace       used 15113K, committed 15360K, reserved 1114112K
  class space    used 1534K, committed 1664K, reserved 1048576K
}
Event: 3.883 GC heap after
{Heap after GC invocations=2 (full 0):
 PSYoungGen      total 29696K, used 4072K [0x00000000eab00000, 0x00000000ecc00000, 0x0000000100000000)
  eden space 25600K, 0% used [0x00000000eab00000,0x00000000eab00000,0x00000000ec400000)
  from space 4096K, 99% used [0x00000000ec800000,0x00000000ecbfa128,0x00000000ecc00000)
  to   space 4096K, 0% used [0x00000000ec400000,0x00000000ec400000,0x00000000ec800000)
 ParOldGen       total 68608K, used 714K [0x00000000c0000000, 0x00000000c4300000, 0x00000000eab00000)
  object space 68608K, 1% used [0x00000000c0000000,0x00000000c00b2b60,0x00000000c4300000)
 Metaspace       used 15113K, committed 15360K, reserved 1114112K
  class space    used 1534K, committed 1664K, reserved 1048576K
}
Event: 5.038 GC heap before
{Heap before GC invocations=3 (full 0):
 PSYoungGen      total 29696K, used 29672K [0x00000000eab00000, 0x00000000ecc00000, 0x0000000100000000)
  eden space 25600K, 100% used [0x00000000eab00000,0x00000000ec400000,0x00000000ec400000)
  from space 4096K, 99% used [0x00000000ec800000,0x00000000ecbfa128,0x00000000ecc00000)
  to   space 4096K, 0% used [0x00000000ec400000,0x00000000ec400000,0x00000000ec800000)
 ParOldGen       total 68608K, used 714K [0x00000000c0000000, 0x00000000c4300000, 0x00000000eab00000)
  object space 68608K, 1% used [0x00000000c0000000,0x00000000c00b2b60,0x00000000c4300000)
 Metaspace       used 20186K, committed 20608K, reserved 1114112K
  class space    used 2068K, committed 2240K, reserved 1048576K
}
Event: 5.045 GC heap after
{Heap after GC invocations=3 (full 0):
 PSYoungGen      total 29696K, used 4087K [0x00000000eab00000, 0x00000000ecc00000, 0x0000000100000000)
  eden space 25600K, 0% used [0x00000000eab00000,0x00000000eab00000,0x00000000ec400000)
  from space 4096K, 99% used [0x00000000ec400000,0x00000000ec7fdf98,0x00000000ec800000)
  to   space 4096K, 0% used [0x00000000ec800000,0x00000000ec800000,0x00000000ecc00000)
 ParOldGen       total 68608K, used 2469K [0x00000000c0000000, 0x00000000c4300000, 0x00000000eab00000)
  object space 68608K, 3% used [0x00000000c0000000,0x00000000c0269688,0x00000000c4300000)
 Metaspace       used 20186K, committed 20608K, reserved 1114112K
  class space    used 2068K, committed 2240K, reserved 1048576K
}
Event: 5.419 GC heap before
{Heap before GC invocations=4 (full 0):
 PSYoungGen      total 29696K, used 9692K [0x00000000eab00000, 0x00000000ecc00000, 0x0000000100000000)
  eden space 25600K, 21% used [0x00000000eab00000,0x00000000eb079148,0x00000000ec400000)
  from space 4096K, 99% used [0x00000000ec400000,0x00000000ec7fdf98,0x00000000ec800000)
  to   space 4096K, 0% used [0x00000000ec800000,0x00000000ec800000,0x00000000ecc00000)
 ParOldGen       total 68608K, used 2469K [0x00000000c0000000, 0x00000000c4300000, 0x00000000eab00000)
  object space 68608K, 3% used [0x00000000c0000000,0x00000000c0269688,0x00000000c4300000)
 Metaspace       used 21070K, committed 21504K, reserved 1114112K
  class space    used 2162K, committed 2368K, reserved 1048576K
}
Event: 5.425 GC heap after
{Heap after GC invocations=4 (full 0):
 PSYoungGen      total 29696K, used 4093K [0x00000000eab00000, 0x00000000ecc00000, 0x0000000100000000)
  eden space 25600K, 0% used [0x00000000eab00000,0x00000000eab00000,0x00000000ec400000)
  from space 4096K, 99% used [0x00000000ec800000,0x00000000ecbff7e8,0x00000000ecc00000)
  to   space 4096K, 0% used [0x00000000ec400000,0x00000000ec400000,0x00000000ec800000)
 ParOldGen       total 68608K, used 2669K [0x00000000c0000000, 0x00000000c4300000, 0x00000000eab00000)
  object space 68608K, 3% used [0x00000000c0000000,0x00000000c029b698,0x00000000c4300000)
 Metaspace       used 21070K, committed 21504K, reserved 1114112K
  class space    used 2162K, committed 2368K, reserved 1048576K
}
Event: 5.425 GC heap before
{Heap before GC invocations=5 (full 1):
 PSYoungGen      total 29696K, used 4093K [0x00000000eab00000, 0x00000000ecc00000, 0x0000000100000000)
  eden space 25600K, 0% used [0x00000000eab00000,0x00000000eab00000,0x00000000ec400000)
  from space 4096K, 99% used [0x00000000ec800000,0x00000000ecbff7e8,0x00000000ecc00000)
  to   space 4096K, 0% used [0x00000000ec400000,0x00000000ec400000,0x00000000ec800000)
 ParOldGen       total 68608K, used 2669K [0x00000000c0000000, 0x00000000c4300000, 0x00000000eab00000)
  object space 68608K, 3% used [0x00000000c0000000,0x00000000c029b698,0x00000000c4300000)
 Metaspace       used 21070K, committed 21504K, reserved 1114112K
  class space    used 2162K, committed 2368K, reserved 1048576K
}
Event: 5.462 GC heap after
{Heap after GC invocations=5 (full 1):
 PSYoungGen      total 29696K, used 0K [0x00000000eab00000, 0x00000000ecc00000, 0x0000000100000000)
  eden space 25600K, 0% used [0x00000000eab00000,0x00000000eab00000,0x00000000ec400000)
  from space 4096K, 0% used [0x00000000ec800000,0x00000000ec800000,0x00000000ecc00000)
  to   space 4096K, 0% used [0x00000000ec400000,0x00000000ec400000,0x00000000ec800000)
 ParOldGen       total 68608K, used 6622K [0x00000000c0000000, 0x00000000c4300000, 0x00000000eab00000)
  object space 68608K, 9% used [0x00000000c0000000,0x00000000c0677850,0x00000000c4300000)
 Metaspace       used 21057K, committed 21504K, reserved 1114112K
  class space    used 2158K, committed 2368K, reserved 1048576K
}
Event: 6.058 GC heap before
{Heap before GC invocations=6 (full 1):
 PSYoungGen      total 29696K, used 25600K [0x00000000eab00000, 0x00000000ecc00000, 0x0000000100000000)
  eden space 25600K, 100% used [0x00000000eab00000,0x00000000ec400000,0x00000000ec400000)
  from space 4096K, 0% used [0x00000000ec800000,0x00000000ec800000,0x00000000ecc00000)
  to   space 4096K, 0% used [0x00000000ec400000,0x00000000ec400000,0x00000000ec800000)
 ParOldGen       total 68608K, used 6622K [0x00000000c0000000, 0x00000000c4300000, 0x00000000eab00000)
  object space 68608K, 9% used [0x00000000c0000000,0x00000000c0677850,0x00000000c4300000)
 Metaspace       used 24512K, committed 25024K, reserved 1114112K
  class space    used 2399K, committed 2624K, reserved 1048576K
}
Event: 6.060 GC heap after
{Heap after GC invocations=6 (full 1):
 PSYoungGen      total 26112K, used 667K [0x00000000eab00000, 0x00000000ec880000, 0x0000000100000000)
  eden space 25088K, 0% used [0x00000000eab00000,0x00000000eab00000,0x00000000ec380000)
  from space 1024K, 65% used [0x00000000ec400000,0x00000000ec4a6ce0,0x00000000ec500000)
  to   space 2560K, 0% used [0x00000000ec600000,0x00000000ec600000,0x00000000ec880000)
 ParOldGen       total 68608K, used 6622K [0x00000000c0000000, 0x00000000c4300000, 0x00000000eab00000)
  object space 68608K, 9% used [0x00000000c0000000,0x00000000c0677850,0x00000000c4300000)
 Metaspace       used 24512K, committed 25024K, reserved 1114112K
  class space    used 2399K, committed 2624K, reserved 1048576K
}

Dll operation events (9 events):
Event: 0.012 Loaded shared library c:\Users\HP\.vscode\extensions\redhat.java-1.24.0-win32-x64\jre\17.0.8.1-win32-x86_64\bin\java.dll
Event: 0.723 Loaded shared library c:\Users\HP\.vscode\extensions\redhat.java-1.24.0-win32-x64\jre\17.0.8.1-win32-x86_64\bin\zip.dll
Event: 0.730 Loaded shared library C:\Users\HP\.vscode\extensions\redhat.java-1.24.0-win32-x64\jre\17.0.8.1-win32-x86_64\bin\instrument.dll
Event: 0.761 Loaded shared library C:\Users\HP\.vscode\extensions\redhat.java-1.24.0-win32-x64\jre\17.0.8.1-win32-x86_64\bin\net.dll
Event: 0.765 Loaded shared library C:\Users\HP\.vscode\extensions\redhat.java-1.24.0-win32-x64\jre\17.0.8.1-win32-x86_64\bin\nio.dll
Event: 0.779 Loaded shared library C:\Users\HP\.vscode\extensions\redhat.java-1.24.0-win32-x64\jre\17.0.8.1-win32-x86_64\bin\zip.dll
Event: 0.818 Loaded shared library C:\Users\HP\.vscode\extensions\redhat.java-1.24.0-win32-x64\jre\17.0.8.1-win32-x86_64\bin\jimage.dll
Event: 0.996 Loaded shared library c:\Users\HP\.vscode\extensions\redhat.java-1.24.0-win32-x64\jre\17.0.8.1-win32-x86_64\bin\verify.dll
Event: 3.581 Loaded shared library C:\Users\HP\AppData\Roaming\Code\User\globalStorage\redhat.java\1.24.0\config_ss_win\org.eclipse.equinox.launcher\org.eclipse.equinox.launcher.win32.win32.x86_64_1.2.700.v20221108-1024\eclipse_11801.dll

Deoptimization events (20 events):
Event: 5.103 Thread 0x00000219f9e0a090 DEOPT PACKING pc=0x0000021987b65cc0 sp=0x000000c97caf9550
Event: 5.103 Thread 0x00000219f9e0a090 DEOPT UNPACKING pc=0x00000219875866a3 sp=0x000000c97caf94d8 mode 2
Event: 6.493 Thread 0x00000219f9e0a090 DEOPT PACKING pc=0x00000219800f061e sp=0x000000c97caf8240
Event: 6.493 Thread 0x00000219f9e0a090 DEOPT UNPACKING pc=0x0000021987586e43 sp=0x000000c97caf7738 mode 0
Event: 6.495 Thread 0x00000219f9e0a090 DEOPT PACKING pc=0x00000219800f061e sp=0x000000c97caf8240
Event: 6.495 Thread 0x00000219f9e0a090 DEOPT UNPACKING pc=0x0000021987586e43 sp=0x000000c97caf7738 mode 0
Event: 6.497 Thread 0x00000219f9e0a090 DEOPT PACKING pc=0x00000219800f061e sp=0x000000c97caf8240
Event: 6.497 Thread 0x00000219f9e0a090 DEOPT UNPACKING pc=0x0000021987586e43 sp=0x000000c97caf7738 mode 0
Event: 6.558 Thread 0x00000219f9e0a090 Uncommon trap: trap_request=0xffffff45 fr.pc=0x0000021987b188f4 relative=0x0000000000000074
Event: 6.558 Thread 0x00000219f9e0a090 Uncommon trap: reason=unstable_if action=reinterpret pc=0x0000021987b188f4 method=jdk.internal.misc.Unsafe.convEndian(ZJ)J @ 4 c2
Event: 6.559 Thread 0x00000219f9e0a090 DEOPT PACKING pc=0x0000021987b188f4 sp=0x000000c97caf8b10
Event: 6.559 Thread 0x00000219f9e0a090 DEOPT UNPACKING pc=0x00000219875866a3 sp=0x000000c97caf8a38 mode 2
Event: 6.560 Thread 0x00000219f9e0a090 DEOPT PACKING pc=0x00000219800f061e sp=0x000000c97caf9030
Event: 6.560 Thread 0x00000219f9e0a090 DEOPT UNPACKING pc=0x0000021987586e43 sp=0x000000c97caf8528 mode 0
Event: 6.586 Thread 0x00000219f9e0a090 DEOPT PACKING pc=0x00000219800f061e sp=0x000000c97caf9030
Event: 6.586 Thread 0x00000219f9e0a090 DEOPT UNPACKING pc=0x0000021987586e43 sp=0x000000c97caf8528 mode 0
Event: 6.587 Thread 0x00000219f9e0a090 DEOPT PACKING pc=0x00000219800f061e sp=0x000000c97caf9030
Event: 6.587 Thread 0x00000219f9e0a090 DEOPT UNPACKING pc=0x0000021987586e43 sp=0x000000c97caf8528 mode 0
Event: 6.588 Thread 0x00000219f9e0a090 DEOPT PACKING pc=0x00000219800f061e sp=0x000000c97caf9030
Event: 6.588 Thread 0x00000219f9e0a090 DEOPT UNPACKING pc=0x0000021987586e43 sp=0x000000c97caf8528 mode 0

Classes unloaded (7 events):
Event: 5.430 Thread 0x00000219f421c870 Unloading class 0x000000010021a400 'java/lang/invoke/LambdaForm$MH+0x000000010021a400'
Event: 5.430 Thread 0x00000219f421c870 Unloading class 0x000000010021a000 'java/lang/invoke/LambdaForm$MH+0x000000010021a000'
Event: 5.430 Thread 0x00000219f421c870 Unloading class 0x0000000100219c00 'java/lang/invoke/LambdaForm$MH+0x0000000100219c00'
Event: 5.430 Thread 0x00000219f421c870 Unloading class 0x0000000100219800 'java/lang/invoke/LambdaForm$MH+0x0000000100219800'
Event: 5.430 Thread 0x00000219f421c870 Unloading class 0x0000000100219400 'java/lang/invoke/LambdaForm$BMH+0x0000000100219400'
Event: 5.430 Thread 0x00000219f421c870 Unloading class 0x0000000100219000 'java/lang/invoke/LambdaForm$DMH+0x0000000100219000'
Event: 5.430 Thread 0x00000219f421c870 Unloading class 0x0000000100216400 'java/lang/invoke/LambdaForm$DMH+0x0000000100216400'

Classes redefined (0 events):
No events

Internal exceptions (20 events):
Event: 4.657 Thread 0x00000219f9e0a090 Exception <a 'java/lang/NoSuchMethodError'{0x00000000ebe2a6c0}: 'java.lang.Object java.lang.invoke.DelegatingMethodHandle$Holder.reinvoke_L(java.lang.Object, java.lang.Object, java.lang.Object, java.lang.Object, int, int)'> (0x00000000ebe2a6c0) 
thrown [s\src\hotspot\share\interpreter\linkResolver.cpp, line 759]
Event: 4.660 Thread 0x00000219f9e0a090 Exception <a 'java/lang/NoSuchMethodError'{0x00000000ebe3f158}: 'java.lang.Object java.lang.invoke.Invokers$Holder.invokeExact_MT(java.lang.Object, java.lang.Object, java.lang.Object, java.lang.Object)'> (0x00000000ebe3f158) 
thrown [s\src\hotspot\share\interpreter\linkResolver.cpp, line 759]
Event: 4.867 Thread 0x00000219f9e0a090 Exception <a 'java/io/FileNotFoundException'{0x00000000ec09c560}> (0x00000000ec09c560) 
thrown [s\src\hotspot\share\prims\jni.cpp, line 516]
Event: 4.997 Thread 0x00000219f9e0a090 Exception <a 'java/lang/NoSuchMethodError'{0x00000000ec312700}: 'java.lang.Object java.lang.invoke.DirectMethodHandle$Holder.newInvokeSpecial(java.lang.Object, java.lang.Object, java.lang.Object, java.lang.Object, java.lang.Object)'> (0x00000000ec312700) 
thrown [s\src\hotspot\share\interpreter\linkResolver.cpp, line 759]
Event: 5.296 Thread 0x00000219f9e0a090 Exception <a 'java/lang/NoSuchMethodError'{0x00000000eadb8c00}: 'java.lang.Object java.lang.invoke.DirectMethodHandle$Holder.invokeSpecial(java.lang.Object, java.lang.Object, java.lang.Object, long, java.lang.Object)'> (0x00000000eadb8c00) 
thrown [s\src\hotspot\share\interpreter\linkResolver.cpp, line 759]
Event: 5.297 Thread 0x00000219f9e0a090 Exception <a 'java/lang/NoSuchMethodError'{0x00000000eadc0db8}: 'java.lang.Object java.lang.invoke.DirectMethodHandle$Holder.newInvokeSpecial(java.lang.Object, java.lang.Object, java.lang.Object, long)'> (0x00000000eadc0db8) 
thrown [s\src\hotspot\share\interpreter\linkResolver.cpp, line 759]
Event: 5.298 Thread 0x00000219f9e0a090 Exception <a 'java/lang/NoSuchMethodError'{0x00000000eadc5358}: 'java.lang.Object java.lang.invoke.DirectMethodHandle$Holder.invokeSpecial(java.lang.Object, java.lang.Object, java.lang.Object, java.lang.Object, long)'> (0x00000000eadc5358) 
thrown [s\src\hotspot\share\interpreter\linkResolver.cpp, line 759]
Event: 5.298 Thread 0x00000219f9e0a090 Exception <a 'java/lang/NoSuchMethodError'{0x00000000eadc91d0}: 'java.lang.Object java.lang.invoke.Invokers$Holder.linkToTargetMethod(java.lang.Object, java.lang.Object, long, java.lang.Object)'> (0x00000000eadc91d0) 
thrown [s\src\hotspot\share\interpreter\linkResolver.cpp, line 759]
Event: 5.346 Thread 0x00000219f9e0a090 Exception <a 'java/lang/NoSuchMethodError'{0x00000000eae25350}: 'int java.lang.invoke.DirectMethodHandle$Holder.invokeStaticInit(java.lang.Object, java.lang.Object, java.lang.Object)'> (0x00000000eae25350) 
thrown [s\src\hotspot\share\interpreter\linkResolver.cpp, line 759]
Event: 5.365 Thread 0x00000219f9e0a090 Exception <a 'java/lang/IncompatibleClassChangeError'{0x00000000eaead278}: Found class java.lang.Object, but interface was expected> (0x00000000eaead278) 
thrown [s\src\hotspot\share\interpreter\linkResolver.cpp, line 826]
Event: 5.372 Thread 0x00000219f9e0a090 Exception <a 'java/lang/NoSuchMethodError'{0x00000000eaebed70}: 'java.lang.Object java.lang.invoke.DirectMethodHandle$Holder.invokeSpecial(java.lang.Object, java.lang.Object, java.lang.Object, int, java.lang.Object, java.lang.Object)'> (0x00000000eaebed70) 
thrown [s\src\hotspot\share\interpreter\linkResolver.cpp, line 759]
Event: 5.373 Thread 0x00000219f9e0a090 Exception <a 'java/lang/NoSuchMethodError'{0x00000000eaec74f8}: 'java.lang.Object java.lang.invoke.DirectMethodHandle$Holder.newInvokeSpecial(java.lang.Object, java.lang.Object, java.lang.Object, int, java.lang.Object)'> (0x00000000eaec74f8) 
thrown [s\src\hotspot\share\interpreter\linkResolver.cpp, line 759]
Event: 5.373 Thread 0x00000219f9e0a090 Exception <a 'java/lang/NoSuchMethodError'{0x00000000eaecb950}: 'java.lang.Object java.lang.invoke.DirectMethodHandle$Holder.invokeSpecial(java.lang.Object, java.lang.Object, java.lang.Object, java.lang.Object, int, java.lang.Object)'> (0x00000000eaecb950) 
thrown [s\src\hotspot\share\interpreter\linkResolver.cpp, line 759]
Event: 5.375 Thread 0x00000219f9fe1820 Exception <a 'java/lang/NoSuchMethodError'{0x00000000eae42f78}: 'java.lang.Object java.lang.invoke.DirectMethodHandle$Holder.invokeSpecial(java.lang.Object, java.lang.Object, int, java.lang.Object, java.lang.Object)'> (0x00000000eae42f78) 
thrown [s\src\hotspot\share\interpreter\linkResolver.cpp, line 759]
Event: 5.376 Thread 0x00000219f9fe1820 Exception <a 'java/lang/NoSuchMethodError'{0x00000000eae4a648}: 'java.lang.Object java.lang.invoke.DirectMethodHandle$Holder.newInvokeSpecial(java.lang.Object, java.lang.Object, int, java.lang.Object)'> (0x00000000eae4a648) 
thrown [s\src\hotspot\share\interpreter\linkResolver.cpp, line 759]
Event: 5.376 Thread 0x00000219f9fe1820 Exception <a 'java/lang/NoSuchMethodError'{0x00000000eae4e158}: 'java.lang.Object java.lang.invoke.DirectMethodHandle$Holder.invokeSpecial(java.lang.Object, java.lang.Object, java.lang.Object, int, java.lang.Object)'> (0x00000000eae4e158) 
thrown [s\src\hotspot\share\interpreter\linkResolver.cpp, line 759]
Event: 6.557 Thread 0x00000219f9e0a090 Exception <a 'java/lang/ClassNotFoundException'{0x00000000ec22dfb0}: com/sun/org/apache/xerces/internal/impl/msg/spi/DOMMessagesProvider> (0x00000000ec22dfb0) 
thrown [s\src\hotspot\share\classfile\systemDictionary.cpp, line 256]
Event: 6.562 Thread 0x00000219f9e0a090 Exception <a 'java/lang/ClassNotFoundException'{0x00000000ec25a238}: com/sun/org/apache/xerces/internal/impl/msg/spi/XMLSerializerMessagesProvider> (0x00000000ec25a238) 
thrown [s\src\hotspot\share\classfile\systemDictionary.cpp, line 256]
Event: 6.564 Thread 0x00000219f9e0a090 Exception <a 'java/lang/ClassNotFoundException'{0x00000000ec2674c0}: com/sun/org/apache/xerces/internal/impl/msg/spi/XMLMessagesProvider> (0x00000000ec2674c0) 
thrown [s\src\hotspot\share\classfile\systemDictionary.cpp, line 256]
Event: 6.617 Thread 0x00000219f9e0a090 Exception <a 'java/lang/NoSuchMethodError'{0x00000000ec32d730}: 'void java.lang.invoke.DirectMethodHandle$Holder.invokeVirtual(java.lang.Object, java.lang.Object)'> (0x00000000ec32d730) 
thrown [s\src\hotspot\share\interpreter\linkResolver.cpp, line 759]

VM Operations (20 events):
Event: 3.739 Executing VM operation: HandshakeAllThreads done
Event: 3.739 Executing VM operation: Cleanup
Event: 3.739 Executing VM operation: Cleanup done
Event: 3.876 Executing VM operation: ParallelGCFailedAllocation
Event: 3.883 Executing VM operation: ParallelGCFailedAllocation done
Event: 4.408 Executing VM operation: HandshakeAllThreads
Event: 4.408 Executing VM operation: HandshakeAllThreads done
Event: 4.622 Executing VM operation: HandshakeAllThreads
Event: 4.622 Executing VM operation: HandshakeAllThreads done
Event: 5.037 Executing VM operation: ParallelGCFailedAllocation
Event: 5.045 Executing VM operation: ParallelGCFailedAllocation done
Event: 5.392 Executing VM operation: HandshakeAllThreads
Event: 5.401 Executing VM operation: HandshakeAllThreads done
Event: 5.419 Executing VM operation: CollectForMetadataAllocation
Event: 5.462 Executing VM operation: CollectForMetadataAllocation done
Event: 6.047 Executing VM operation: HandshakeAllThreads
Event: 6.047 Executing VM operation: HandshakeAllThreads done
Event: 6.058 Executing VM operation: ParallelGCFailedAllocation
Event: 6.060 Executing VM operation: ParallelGCFailedAllocation done
Event: 6.623 Executing VM operation: ParallelGCFailedAllocation

Events (20 events):
Event: 6.563 loading class com/sun/org/apache/xerces/internal/impl/msg/XMLSerializerMessages_en done
Event: 6.563 loading class com/sun/org/apache/xerces/internal/impl/msg/XMLSerializerMessages_en
Event: 6.563 loading class com/sun/org/apache/xerces/internal/impl/msg/XMLSerializerMessages_en done
Event: 6.563 loading class com/sun/org/apache/xerces/internal/impl/msg/XMLSerializerMessages_en_US
Event: 6.563 loading class com/sun/org/apache/xerces/internal/impl/msg/XMLSerializerMessages_en_US done
Event: 6.563 loading class com/sun/org/apache/xerces/internal/impl/msg/XMLSerializerMessages_en_US
Event: 6.563 loading class com/sun/org/apache/xerces/internal/impl/msg/XMLSerializerMessages_en_US done
Event: 6.564 loading class com/sun/org/apache/xerces/internal/impl/msg/XMLMessages
Event: 6.564 loading class com/sun/org/apache/xerces/internal/impl/msg/XMLMessages done
Event: 6.564 loading class com/sun/org/apache/xerces/internal/impl/msg/XMLMessages
Event: 6.564 loading class com/sun/org/apache/xerces/internal/impl/msg/XMLMessages done
Event: 6.590 loading class com/sun/org/apache/xerces/internal/impl/msg/XMLMessages_en
Event: 6.590 loading class com/sun/org/apache/xerces/internal/impl/msg/XMLMessages_en done
Event: 6.590 loading class com/sun/org/apache/xerces/internal/impl/msg/XMLMessages_en
Event: 6.590 loading class com/sun/org/apache/xerces/internal/impl/msg/XMLMessages_en done
Event: 6.590 loading class com/sun/org/apache/xerces/internal/impl/msg/XMLMessages_en_US
Event: 6.590 loading class com/sun/org/apache/xerces/internal/impl/msg/XMLMessages_en_US done
Event: 6.590 loading class com/sun/org/apache/xerces/internal/impl/msg/XMLMessages_en_US
Event: 6.590 loading class com/sun/org/apache/xerces/internal/impl/msg/XMLMessages_en_US done
Event: 6.619 Thread 0x00000219f9fdfed0 Thread added: 0x00000219f9fdfed0


Dynamic libraries:
0x00007ff61be00000 - 0x00007ff61be0e000 	c:\Users\HP\.vscode\extensions\redhat.java-1.24.0-win32-x64\jre\17.0.8.1-win32-x86_64\bin\java.exe
0x00007ffe0eb90000 - 0x00007ffe0ed84000 	C:\WINDOWS\SYSTEM32\ntdll.dll
0x00007ffe0d940000 - 0x00007ffe0d9fd000 	C:\WINDOWS\System32\KERNEL32.DLL
0x00007ffe0c430000 - 0x00007ffe0c6f7000 	C:\WINDOWS\System32\KERNELBASE.dll
0x00007ffe0c700000 - 0x00007ffe0c800000 	C:\WINDOWS\System32\ucrtbase.dll
0x00007ffe06900000 - 0x00007ffe06917000 	c:\Users\HP\.vscode\extensions\redhat.java-1.24.0-win32-x64\jre\17.0.8.1-win32-x86_64\bin\jli.dll
0x00007ffe0db70000 - 0x00007ffe0dd10000 	C:\WINDOWS\System32\USER32.dll
0x00007ffe0c9d0000 - 0x00007ffe0c9f2000 	C:\WINDOWS\System32\win32u.dll
0x00007ffe0d910000 - 0x00007ffe0d93a000 	C:\WINDOWS\System32\GDI32.dll
0x00007ffe0c2d0000 - 0x00007ffe0c3da000 	C:\WINDOWS\System32\gdi32full.dll
0x00007ffe0c930000 - 0x00007ffe0c9cd000 	C:\WINDOWS\System32\msvcp_win.dll
0x00007ffe05610000 - 0x00007ffe05629000 	c:\Users\HP\.vscode\extensions\redhat.java-1.24.0-win32-x64\jre\17.0.8.1-win32-x86_64\bin\VCRUNTIME140.dll
0x00007ffdf63f0000 - 0x00007ffdf668a000 	C:\WINDOWS\WinSxS\amd64_microsoft.windows.common-controls_6595b64144ccf1df_6.0.19041.1_none_b555e41d4684ddec\COMCTL32.dll
0x00007ffe0e190000 - 0x00007ffe0e22e000 	C:\WINDOWS\System32\msvcrt.dll
0x00007ffe0dd90000 - 0x00007ffe0ddc0000 	C:\WINDOWS\System32\IMM32.DLL
0x00007ffe069a0000 - 0x00007ffe069ac000 	c:\Users\HP\.vscode\extensions\redhat.java-1.24.0-win32-x64\jre\17.0.8.1-win32-x86_64\bin\vcruntime140_1.dll
0x00007ffdde030000 - 0x00007ffdde0c1000 	c:\Users\HP\.vscode\extensions\redhat.java-1.24.0-win32-x64\jre\17.0.8.1-win32-x86_64\bin\msvcp140.dll
0x00007ffdcc9c0000 - 0x00007ffdcd60c000 	c:\Users\HP\.vscode\extensions\redhat.java-1.24.0-win32-x64\jre\17.0.8.1-win32-x86_64\bin\server\jvm.dll
0x00007ffe0e230000 - 0x00007ffe0e2da000 	C:\WINDOWS\System32\ADVAPI32.dll
0x00007ffe0ddc0000 - 0x00007ffe0de5b000 	C:\WINDOWS\System32\sechost.dll
0x00007ffe0d410000 - 0x00007ffe0d533000 	C:\WINDOWS\System32\RPCRT4.dll
0x00007ffe0b8e0000 - 0x00007ffe0b92b000 	C:\WINDOWS\SYSTEM32\POWRPROF.dll
0x00007ffe05320000 - 0x00007ffe05329000 	C:\WINDOWS\SYSTEM32\WSOCK32.dll
0x00007ffe0e070000 - 0x00007ffe0e0db000 	C:\WINDOWS\System32\WS2_32.dll
0x00007ffe036b0000 - 0x00007ffe036d7000 	C:\WINDOWS\SYSTEM32\WINMM.dll
0x00007ffe080a0000 - 0x00007ffe080aa000 	C:\WINDOWS\SYSTEM32\VERSION.dll
0x00007ffe0b750000 - 0x00007ffe0b762000 	C:\WINDOWS\SYSTEM32\UMPDC.dll
0x00007ffe0a260000 - 0x00007ffe0a273000 	C:\WINDOWS\SYSTEM32\kernel.appcore.dll
0x00007ffe05310000 - 0x00007ffe0531a000 	c:\Users\HP\.vscode\extensions\redhat.java-1.24.0-win32-x64\jre\17.0.8.1-win32-x86_64\bin\jimage.dll
0x00007ffdfc960000 - 0x00007ffdfcb44000 	C:\WINDOWS\SYSTEM32\DBGHELP.DLL
0x00007ffdfdae0000 - 0x00007ffdfdb0c000 	C:\WINDOWS\SYSTEM32\dbgcore.DLL
0x00007ffe0c8b0000 - 0x00007ffe0c92f000 	C:\WINDOWS\System32\bcryptPrimitives.dll
0x00007ffe04090000 - 0x00007ffe0409e000 	c:\Users\HP\.vscode\extensions\redhat.java-1.24.0-win32-x64\jre\17.0.8.1-win32-x86_64\bin\instrument.dll
0x00007ffde6470000 - 0x00007ffde6495000 	c:\Users\HP\.vscode\extensions\redhat.java-1.24.0-win32-x64\jre\17.0.8.1-win32-x86_64\bin\java.dll
0x00007ffe04040000 - 0x00007ffe04058000 	c:\Users\HP\.vscode\extensions\redhat.java-1.24.0-win32-x64\jre\17.0.8.1-win32-x86_64\bin\zip.dll
0x00007ffe0ccd0000 - 0x00007ffe0d401000 	C:\WINDOWS\System32\SHELL32.dll
0x00007ffe0a460000 - 0x00007ffe0abea000 	C:\WINDOWS\SYSTEM32\windows.storage.dll
0x00007ffe0d550000 - 0x00007ffe0d8a4000 	C:\WINDOWS\System32\combase.dll
0x00007ffe0bd50000 - 0x00007ffe0bd7b000 	C:\WINDOWS\SYSTEM32\Wldp.dll
0x00007ffe0e880000 - 0x00007ffe0e92e000 	C:\WINDOWS\System32\SHCORE.dll
0x00007ffe0da00000 - 0x00007ffe0da55000 	C:\WINDOWS\System32\shlwapi.dll
0x00007ffe0c210000 - 0x00007ffe0c22f000 	C:\WINDOWS\SYSTEM32\profapi.dll
0x00007ffe03fc0000 - 0x00007ffe03fd9000 	C:\Users\HP\.vscode\extensions\redhat.java-1.24.0-win32-x64\jre\17.0.8.1-win32-x86_64\bin\net.dll
0x00007ffe036e0000 - 0x00007ffe037e2000 	C:\WINDOWS\SYSTEM32\WINHTTP.dll
0x00007ffe0bad0000 - 0x00007ffe0bb3a000 	C:\WINDOWS\system32\mswsock.dll
0x00007ffdfaba0000 - 0x00007ffdfabb5000 	C:\Users\HP\.vscode\extensions\redhat.java-1.24.0-win32-x64\jre\17.0.8.1-win32-x86_64\bin\nio.dll
0x00007ffe04080000 - 0x00007ffe04090000 	c:\Users\HP\.vscode\extensions\redhat.java-1.24.0-win32-x64\jre\17.0.8.1-win32-x86_64\bin\verify.dll
0x00007ffde30f0000 - 0x00007ffde312e000 	C:\Users\HP\AppData\Roaming\Code\User\globalStorage\redhat.java\1.24.0\config_ss_win\org.eclipse.equinox.launcher\org.eclipse.equinox.launcher.win32.win32.x86_64_1.2.700.v20221108-1024\eclipse_11801.dll
0x00007ffe0e750000 - 0x00007ffe0e87b000 	C:\WINDOWS\System32\ole32.dll

dbghelp: loaded successfully - version: 4.0.5 - missing functions: none
symbol engine: initialized successfully - sym options: 0x614 - pdb path: .;c:\Users\HP\.vscode\extensions\redhat.java-1.24.0-win32-x64\jre\17.0.8.1-win32-x86_64\bin;C:\WINDOWS\SYSTEM32;C:\WINDOWS\WinSxS\amd64_microsoft.windows.common-controls_6595b64144ccf1df_6.0.19041.1_none_b555e41d4684ddec;c:\Users\HP\.vscode\extensions\redhat.java-1.24.0-win32-x64\jre\17.0.8.1-win32-x86_64\bin\server;C:\Users\HP\AppData\Roaming\Code\User\globalStorage\redhat.java\1.24.0\config_ss_win\org.eclipse.equinox.launcher\org.eclipse.equinox.launcher.win32.win32.x86_64_1.2.700.v20221108-1024

VM Arguments:
jvm_args: --add-modules=ALL-SYSTEM --add-opens=java.base/java.util=ALL-UNNAMED --add-opens=java.base/java.lang=ALL-UNNAMED --add-opens=java.base/sun.nio.fs=ALL-UNNAMED -Declipse.application=org.eclipse.jdt.ls.core.id1 -Dosgi.bundles.defaultStartLevel=4 -Declipse.product=org.eclipse.jdt.ls.core.product -Djava.import.generatesMetadataFilesAtProjectRoot=false -DDetectVMInstallationsJob.disabled=true -Dfile.encoding=utf8 -XX:+UseParallelGC -XX:GCTimeRatio=4 -XX:AdaptiveSizePolicyWeight=90 -Dsun.zip.disableMemoryMapping=true -Xmx1G -Xms100m -Xlog:disable -javaagent:c:\Users\HP\.vscode\extensions\redhat.java-1.24.0-win32-x64\lombok\lombok-1.18.30.jar 
java_command: c:\Users\HP\.vscode\extensions\redhat.java-1.24.0-win32-x64\server\plugins\org.eclipse.equinox.launcher_1.6.500.v20230717-2134.jar -configuration c:\Users\HP\AppData\Roaming\Code\User\globalStorage\redhat.java\1.24.0\config_ss_win -data c:\Users\HP\AppData\Roaming\Code\User\workspaceStorage\3e3afbf3b77c13b8cfcf655b421555bd\redhat.java\ss_ws --stdio
java_class_path (initial): c:\Users\HP\.vscode\extensions\redhat.java-1.24.0-win32-x64\server\plugins\org.eclipse.equinox.launcher_1.6.500.v20230717-2134.jar
Launcher Type: SUN_STANDARD

[Global flags]
    uintx AdaptiveSizePolicyWeight                 = 90                                        {product} {command line}
     intx CICompilerCount                          = 3                                         {product} {ergonomic}
    uintx GCTimeRatio                              = 4                                         {product} {command line}
   size_t InitialHeapSize                          = 104857600                                 {product} {command line}
   size_t MaxHeapSize                              = 1073741824                                {product} {command line}
   size_t MaxNewSize                               = 357564416                                 {product} {ergonomic}
   size_t MinHeapDeltaBytes                        = 524288                                    {product} {ergonomic}
   size_t MinHeapSize                              = 104857600                                 {product} {command line}
   size_t NewSize                                  = 34603008                                  {product} {ergonomic}
    uintx NonNMethodCodeHeapSize                   = 5832780                                {pd product} {ergonomic}
    uintx NonProfiledCodeHeapSize                  = 122912730                              {pd product} {ergonomic}
   size_t OldSize                                  = 70254592                                  {product} {ergonomic}
    uintx ProfiledCodeHeapSize                     = 122912730                              {pd product} {ergonomic}
    uintx ReservedCodeCacheSize                    = 251658240                              {pd product} {ergonomic}
     bool SegmentedCodeCache                       = true                                      {product} {ergonomic}
   size_t SoftMaxHeapSize                          = 1073741824                             {manageable} {ergonomic}
     bool UseCompressedClassPointers               = true                           {product lp64_product} {ergonomic}
     bool UseCompressedOops                        = true                           {product lp64_product} {ergonomic}
     bool UseLargePagesIndividualAllocation        = false                                  {pd product} {ergonomic}
     bool UseParallelGC                            = true                                      {product} {command line}

Logging:
Log output configuration:
 #0: stdout all=off uptime,level,tags
 #1: stderr all=off uptime,level,tags

Environment Variables:
JAVA_HOME=C:\Program Files\Java\jdk1.8.0_45
CLASSPATH=%CLASSPATH%;%JUNIT_HOME%\junit-4.13.2.jar;hamcrest-core-1.3.jar;;E:\kiemthunangcao\junit\junit-4.13.2.jar;hamcrest-core-1.3.jar;;E:\kiemthunangcao\junit\junit-4.13.2.jar;hamcrest-core-1.3.jar;
PATH=C:\ProgramData\Oracle\Java\javapath;C:\Program Files (x86)\Common Files\Oracle\Java\javapath;C:\WINDOWS\system32;C:\WINDOWS;C:\WINDOWS\System32\Wbem;C:\WINDOWS\System32\WindowsPowerShell\v1.0\;C:\Users\HP\Downloads\winlibs-x86_64-posix-seh-gcc-11.2.0-llvm-12.0.1-mingw-w64-9.0.0-r1\mingw64\bin;C:\WINDOWS\System32\OpenSSH\;C:\Program Files\Broadcom\Broadcom 802.11\Driver;C:\Program Files\Azure Data Studio\bin;C:\Program Files\Java\jdk1.8.0_45;C:\Program Files\Java\jdbc\sqljdbc42.jar;d:\Program Files(x86)\100\Tools\Binn\;d:\Program Files\100\Tools\Binn\;d:\Program Files\100\DTS\Binn\;C:\Program Files (x86)\Microsoft SQL Server\100\Tools\Binn\;C:\Program Files (x86)\Microsoft SQL Server\100\Tools\Binn\VSShell\Common7\IDE\;C:\Program Files (x86)\Microsoft SQL Server\100\DTS\Binn\;C:\Program Files (x86)\Microsoft SQL Server\110\Tools\Binn\;C:\Program Files (x86)\Microsoft SQL Server\110\DTS\Binn\;C:\Program Files\nodejs\;C:\Program Files (x86)\Microsoft SQL Server\160\Tools\Binn\;C:\Program Files\Microsoft SQL Server\160\Tools\Binn\;C:\Program Files\Microsoft SQL Server\Client SDK\ODBC\170\Tools\Binn\;C:\Program Files\Microsoft SQL Server\160\DTS\Binn\;C:\Program Files (x86)\Microsoft SQL Server\160\DTS\Binn\;C:\Program Files\Java\jdk1.8.0_45\bin;E:\vs\Git\cmd;C:\Users\HP\AppData\Local\Microsoft\WindowsApps;C:\Users\HP\Downloads\winlibs-x86_64-posix-seh-gcc-11.2.0-llvm-12.0.1-mingw-w64-9.0.0-r1\mingw64\bin;;C:\Program Files\Azure Data Studio\bin;E:\vs\Microsoft VS Code\bin;C:\Users\HP\AppData\Roaming\npm
USERNAME=HP
OS=Windows_NT
PROCESSOR_IDENTIFIER=Intel64 Family 6 Model 58 Stepping 9, GenuineIntel
TMP=C:\Users\HP\AppData\Local\Temp
TEMP=D:\



---------------  S Y S T E M  ---------------

OS:
 Windows 10 , 64 bit Build 19041 (10.0.19041.1)
OS uptime: 1 days 5:39 hours

CPU: total 4 (initial active 4) (2 cores per cpu, 2 threads per core) family 6 model 58 stepping 9 microcode 0x21, cx8, cmov, fxsr, ht, mmx, sse, sse2, sse3, ssse3, sse4.1, sse4.2, popcnt, tsc, tscinvbit, avx, aes, erms, clmul, vzeroupper, clflush
Processor Information for all 4 processors :
  Max Mhz: 2401, Current Mhz: 2401, Mhz Limit: 2401

Memory: 4k page, system-wide physical 3959M (363M free)
TotalPageFile size 10146M (AvailPageFile size 6M)
current process WorkingSet (physical memory assigned to process): 125M, peak: 126M
current process commit charge ("private bytes"): 224M, peak: 226M

vm_info: OpenJDK 64-Bit Server VM (17.0.8.1+1) for windows-amd64 JRE (17.0.8.1+1), built on Aug 23 2023 15:29:17 by "admin" with MS VC++ 16.7 (VS2019)

END.
