#
# There is insufficient memory for the Java Runtime Environment to continue.
# Native memory allocation (malloc) failed to allocate 1048576 bytes for AllocateHeap
# Possible reasons:
#   The system is out of physical RAM or swap space
#   The process is running with CompressedOops enabled, and the Java Heap may be blocking the growth of the native heap
# Possible solutions:
#   Reduce memory load on the system
#   Increase physical memory or swap space
#   Check if swap backing store is full
#   Decrease Java heap size (-Xmx/-Xms)
#   Decrease number of Java threads
#   Decrease Java thread stack sizes (-Xss)
#   Set larger code cache with -XX:ReservedCodeCacheSize=
#   JVM is running with Unscaled Compressed Oops mode in which the Java heap is
#     placed in the first 4GB address space. The Java Heap base address is the
#     maximum limit for the native heap growth. Please use -XX:HeapBaseMinAddress
#     to set the Java Heap base and to place the Java Heap above 4GB virtual address.
# This output file may be truncated or incomplete.
#
#  Out of Memory Error (allocation.cpp:44), pid=10860, tid=10924
#
# JRE version: OpenJDK Runtime Environment Temurin-17.0.8.1+1 (17.0.8.1+1) (build 17.0.8.1+1)
# Java VM: OpenJDK 64-Bit Server VM Temurin-17.0.8.1+1 (17.0.8.1+1, mixed mode, emulated-client, tiered, compressed oops, compressed class ptrs, g1 gc, windows-amd64)
# No core dump will be written. Minidumps are not enabled by default on client versions of Windows
#

---------------  S U M M A R Y ------------

Command Line: -XX:+HeapDumpOnOutOfMemoryError -Xmx1024m -Dsts.lsp.client=vscode -Dsts.log.file=/dev/null -XX:TieredStopAtLevel=1 -Xlog:jni+resolve=off -Dspring.config.location=file:c:\Users\HP\.vscode\extensions\vmware.vscode-spring-boot-1.50.0\language-server\BOOT-INF\classes\application.properties org.springframework.ide.vscode.boot.app.BootLanguageServerBootApp

Host: Intel(R) Core(TM) i5-3437U CPU @ 1.90GHz, 4 cores, 3G,  Windows 10 , 64 bit Build 19041 (10.0.19041.1)
Time: Thu Nov 16 15:48:11 2023 SE Asia Standard Time elapsed time: 140.098536 seconds (0d 0h 2m 20s)

---------------  T H R E A D  ---------------

Current thread (0x000001ca5d51e5d0):  VMThread "VM Thread" [stack: 0x00000046d2000000,0x00000046d2100000] [id=10924]

Stack: [0x00000046d2000000,0x00000046d2100000]
Native frames: (J=compiled Java code, j=interpreted, Vv=VM code, C=native code)
V  [jvm.dll+0x678b0a]
V  [jvm.dll+0x835e84]
V  [jvm.dll+0x83762e]
V  [jvm.dll+0x837c93]
V  [jvm.dll+0x24746f]
V  [jvm.dll+0xa697b]
V  [jvm.dll+0x2f7eb3]
V  [jvm.dll+0x2f3b80]
V  [jvm.dll+0x2dc1c7]
V  [jvm.dll+0x31f227]
V  [jvm.dll+0x83c15b]
V  [jvm.dll+0x83ce94]
V  [jvm.dll+0x83d3ac]
V  [jvm.dll+0x83d784]
V  [jvm.dll+0x83d850]
V  [jvm.dll+0x7e64ca]
V  [jvm.dll+0x677955]
C  [ucrtbase.dll+0x21542]
C  [KERNEL32.DLL+0x16fd4]
C  [ntdll.dll+0x4cf31]

VM_Operation (0x00000046d32feb10): G1CollectFull, mode: safepoint, requested by thread 0x000001ca6d26c580


---------------  P R O C E S S  ---------------

Threads class SMR info:
_java_thread_list=0x000001ca6df242f0, length=28, elements={
0x000001ca67990750, 0x000001ca679914e0, 0x000001ca679bea40, 0x000001ca679c16e0,
0x000001ca679c2fc0, 0x000001ca679c3890, 0x000001ca679c4160, 0x000001ca679c4a70,
0x000001ca67cd1420, 0x000001ca67ce0120, 0x000001ca6d26e8f0, 0x000001ca6d26c580,
0x000001ca6d26d9c0, 0x000001ca6d26ee00, 0x000001ca6d26f310, 0x000001ca6d26ca90,
0x000001ca6d26d4b0, 0x000001ca6d471d20, 0x000001ca6d472c50, 0x000001ca6d476910,
0x000001ca6d473160, 0x000001ca6d46f9b0, 0x000001ca6d471300, 0x000001ca6d4759e0,
0x000001ca6d46f4a0, 0x000001ca6d471810, 0x000001ca6d476e20, 0x000001ca6d4703d0
}

Java Threads: ( => current thread )
  0x000001ca67990750 JavaThread "Reference Handler" daemon [_thread_blocked, id=2552, stack(0x00000046d2100000,0x00000046d2200000)]
  0x000001ca679914e0 JavaThread "Finalizer" daemon [_thread_blocked, id=472, stack(0x00000046d2200000,0x00000046d2300000)]
  0x000001ca679bea40 JavaThread "Signal Dispatcher" daemon [_thread_blocked, id=6052, stack(0x00000046d2300000,0x00000046d2400000)]
  0x000001ca679c16e0 JavaThread "Attach Listener" daemon [_thread_blocked, id=4692, stack(0x00000046d2400000,0x00000046d2500000)]
  0x000001ca679c2fc0 JavaThread "Service Thread" daemon [_thread_blocked, id=9784, stack(0x00000046d2500000,0x00000046d2600000)]
  0x000001ca679c3890 JavaThread "Monitor Deflation Thread" daemon [_thread_blocked, id=12680, stack(0x00000046d2600000,0x00000046d2700000)]
  0x000001ca679c4160 JavaThread "C1 CompilerThread0" daemon [_thread_blocked, id=7960, stack(0x00000046d2700000,0x00000046d2800000)]
  0x000001ca679c4a70 JavaThread "Sweeper thread" daemon [_thread_blocked, id=11208, stack(0x00000046d2800000,0x00000046d2900000)]
  0x000001ca67cd1420 JavaThread "Notification Thread" daemon [_thread_blocked, id=5424, stack(0x00000046d2900000,0x00000046d2a00000)]
  0x000001ca67ce0120 JavaThread "Common-Cleaner" daemon [_thread_blocked, id=11516, stack(0x00000046d2b00000,0x00000046d2c00000)]
  0x000001ca6d26e8f0 JavaThread "boundedElastic-evictor-1" daemon [_thread_blocked, id=10624, stack(0x00000046d3100000,0x00000046d3200000)]
  0x000001ca6d26c580 JavaThread "pool-11-thread-1" [_thread_blocked, id=10676, stack(0x00000046d3200000,0x00000046d3300000)]
  0x000001ca6d26d9c0 JavaThread "LanguageServerApp-lifecycle" [_thread_blocked, id=7820, stack(0x00000046d3300000,0x00000046d3400000)]
  0x000001ca6d26ee00 JavaThread "DestroyJavaVM" [_thread_blocked, id=12516, stack(0x00000046d1a00000,0x00000046d1b00000)]
  0x000001ca6d26f310 JavaThread "pool-12-thread-1" [_thread_in_native, id=10448, stack(0x00000046d3400000,0x00000046d3500000)]
  0x000001ca6d26ca90 JavaThread "Simple-Language-Server main thread" daemon [_thread_blocked, id=11736, stack(0x00000046d3500000,0x00000046d3600000)]
  0x000001ca6d26d4b0 JavaThread "pool-7-thread-1" [_thread_blocked, id=9804, stack(0x00000046d3b00000,0x00000046d3c00000)]
  0x000001ca6d471d20 JavaThread "parallel-1" daemon [_thread_blocked, id=10252, stack(0x00000046d3c00000,0x00000046d3d00000)]
  0x000001ca6d472c50 JavaThread "pool-5-thread-1" [_thread_blocked, id=12512, stack(0x00000046d3d00000,0x00000046d3e00000)]
  0x000001ca6d476910 JavaThread "parallel-2" daemon [_thread_blocked, id=3128, stack(0x00000046d3e00000,0x00000046d3f00000)]
  0x000001ca6d473160 JavaThread "Reconciler-1" daemon [_thread_blocked, id=6552, stack(0x00000046d3f00000,0x00000046d4000000)]
  0x000001ca6d46f9b0 JavaThread "parallel-3" daemon [_thread_blocked, id=9420, stack(0x00000046d4000000,0x00000046d4100000)]
  0x000001ca6d471300 JavaThread "parallel-4" daemon [_thread_blocked, id=13336, stack(0x00000046d2c00000,0x00000046d2d00000)]
  0x000001ca6d4759e0 JavaThread "ForkJoinPool.commonPool-worker-2" daemon [_thread_blocked, id=12316, stack(0x00000046d4600000,0x00000046d4700000)]
  0x000001ca6d46f4a0 JavaThread "OkHttp api.spring.io" daemon [_thread_in_native, id=10640, stack(0x00000046d4900000,0x00000046d4a00000)]
  0x000001ca6d471810 JavaThread "OkHttp api.spring.io" daemon [_thread_in_native, id=2932, stack(0x00000046d4a00000,0x00000046d4b00000)]
  0x000001ca6d476e20 JavaThread "OkHttp api.spring.io" daemon [_thread_in_native, id=9248, stack(0x00000046d4b00000,0x00000046d4c00000)]
  0x000001ca6d4703d0 JavaThread "OkHttp TaskRunner" daemon [_thread_blocked, id=12544, stack(0x00000046d4d00000,0x00000046d4e00000)]

Other Threads:
=>0x000001ca5d51e5d0 VMThread "VM Thread" [stack: 0x00000046d2000000,0x00000046d2100000] [id=10924]
  0x000001ca67cd1900 WatcherThread [stack: 0x00000046d2a00000,0x00000046d2b00000] [id=14308]
  0x000001ca5d49ffd0 GCTaskThread "GC Thread#0" [stack: 0x00000046d1b00000,0x00000046d1c00000] [id=5964]
  0x000001ca6c421d60 GCTaskThread "GC Thread#1" [stack: 0x00000046d2d00000,0x00000046d2e00000] [id=9700]
  0x000001ca6c4d5600 GCTaskThread "GC Thread#2" [stack: 0x00000046d2e00000,0x00000046d2f00000] [id=12816]
  0x000001ca6c9a38d0 GCTaskThread "GC Thread#3" [stack: 0x00000046d2f00000,0x00000046d3000000] [id=11044]
  0x000001ca5d4a8e30 ConcurrentGCThread "G1 Main Marker" [stack: 0x00000046d1c00000,0x00000046d1d00000] [id=2188]
  0x000001ca5d4a9750 ConcurrentGCThread "G1 Conc#0" [stack: 0x00000046d1d00000,0x00000046d1e00000] [id=4624]
  0x000001ca5d4e6d40 ConcurrentGCThread "G1 Refine#0" [stack: 0x00000046d1e00000,0x00000046d1f00000] [id=3336]
  0x000001ca5d4e7680 ConcurrentGCThread "G1 Service" [stack: 0x00000046d1f00000,0x00000046d2000000] [id=14112]

Threads with active compile tasks:

VM state: at safepoint (normal execution)

VM Mutex/Monitor currently owned by a thread:  ([mutex/lock_event])
[0x000001ca5b30afc0] Threads_lock - owner thread: 0x000001ca5d51e5d0
[0x000001ca5b3cd700] Heap_lock - owner thread: 0x000001ca6d26c580

Heap address: 0x00000000c0000000, size: 1024 MB, Compressed Oops mode: 32-bit

CDS archive(s) not mapped
Compressed class space mapped at: 0x0000000100000000-0x0000000140000000, reserved size: 1073741824
Narrow klass base: 0x0000000000000000, Narrow klass shift: 3, Narrow klass range: 0x140000000

GC Precious Log:
 CPUs: 4 total, 4 available
 Memory: 3959M
 Large Page Support: Disabled
 NUMA Support: Disabled
 Compressed Oops: Enabled (32-bit)
 Heap Region Size: 1M
 Heap Min Capacity: 8M
 Heap Initial Capacity: 62M
 Heap Max Capacity: 1G
 Pre-touch: Disabled
 Parallel Workers: 4
 Concurrent Workers: 1
 Concurrent Refinement Workers: 4
 Periodic GC: Disabled

Heap:
 garbage-first heap   total 65536K, used 24165K [0x00000000c0000000, 0x0000000100000000)
  region size 1024K, 1 young (1024K), 0 survivors (0K)
 Metaspace       used 58142K, committed 58816K, reserved 1114112K
  class space    used 7214K, committed 7488K, reserved 1048576K

Heap Regions: E=young(eden), S=young(survivor), O=old, HS=humongous(starts), HC=humongous(continues), CS=collection set, F=free, OA=open archive, CA=closed archive, TAMS=top-at-mark-start (previous, next)
|   0|0x00000000c0000000, 0x00000000c00f79a0, 0x00000000c0100000| 96%| O|  |TAMS 0x00000000c00f79a0, 0x00000000c0000000| Untracked 
|   1|0x00000000c0100000, 0x00000000c0200000, 0x00000000c0200000|100%| O|  |TAMS 0x00000000c0200000, 0x00000000c0100000| Untracked 
|   2|0x00000000c0200000, 0x00000000c0300000, 0x00000000c0300000|100%| O|  |TAMS 0x00000000c0300000, 0x00000000c0200000| Untracked 
|   3|0x00000000c0300000, 0x00000000c03fff98, 0x00000000c0400000| 99%| O|  |TAMS 0x00000000c03fff98, 0x00000000c0300000| Untracked 
|   4|0x00000000c0400000, 0x00000000c0500000, 0x00000000c0500000|100%| O|  |TAMS 0x00000000c0500000, 0x00000000c0400000| Untracked 
|   5|0x00000000c0500000, 0x00000000c0600000, 0x00000000c0600000|100%| O|  |TAMS 0x00000000c0600000, 0x00000000c0500000| Untracked 
|   6|0x00000000c0600000, 0x00000000c06ffff8, 0x00000000c0700000| 99%| O|  |TAMS 0x00000000c06ffff8, 0x00000000c0600000| Untracked 
|   7|0x00000000c0700000, 0x00000000c07f98c0, 0x00000000c0800000| 97%| O|  |TAMS 0x00000000c07f98c0, 0x00000000c0700000| Untracked 
|   8|0x00000000c0800000, 0x00000000c08fffe0, 0x00000000c0900000| 99%| O|  |TAMS 0x00000000c08fffe0, 0x00000000c0800000| Untracked 
|   9|0x00000000c0900000, 0x00000000c09fffd8, 0x00000000c0a00000| 99%| O|  |TAMS 0x00000000c09fffd8, 0x00000000c0900000| Untracked 
|  10|0x00000000c0a00000, 0x00000000c0afffd8, 0x00000000c0b00000| 99%| O|  |TAMS 0x00000000c0afffd8, 0x00000000c0a00000| Untracked 
|  11|0x00000000c0b00000, 0x00000000c0bfffe8, 0x00000000c0c00000| 99%| O|  |TAMS 0x00000000c0bfffe8, 0x00000000c0b00000| Untracked 
|  12|0x00000000c0c00000, 0x00000000c0cfffe8, 0x00000000c0d00000| 99%| O|  |TAMS 0x00000000c0cfffe8, 0x00000000c0c00000| Untracked 
|  13|0x00000000c0d00000, 0x00000000c0dffff8, 0x00000000c0e00000| 99%| O|  |TAMS 0x00000000c0dffff8, 0x00000000c0d00000| Untracked 
|  14|0x00000000c0e00000, 0x00000000c0efff90, 0x00000000c0f00000| 99%| O|  |TAMS 0x00000000c0efff90, 0x00000000c0e00000| Untracked 
|  15|0x00000000c0f00000, 0x00000000c0ffffe0, 0x00000000c1000000| 99%| O|  |TAMS 0x00000000c0ffffe0, 0x00000000c0f00000| Untracked 
|  16|0x00000000c1000000, 0x00000000c10ffff0, 0x00000000c1100000| 99%| O|  |TAMS 0x00000000c10ffff0, 0x00000000c1000000| Untracked 
|  17|0x00000000c1100000, 0x00000000c11fffe0, 0x00000000c1200000| 99%| O|  |TAMS 0x00000000c11fffe0, 0x00000000c1100000| Untracked 
|  18|0x00000000c1200000, 0x00000000c12fffd8, 0x00000000c1300000| 99%| O|  |TAMS 0x00000000c12fffd8, 0x00000000c1200000| Untracked 
|  19|0x00000000c1300000, 0x00000000c13ffff8, 0x00000000c1400000| 99%| O|  |TAMS 0x00000000c13ffff8, 0x00000000c1300000| Untracked 
|  20|0x00000000c1400000, 0x00000000c14ffff8, 0x00000000c1500000| 99%| O|  |TAMS 0x00000000c14ffff8, 0x00000000c1400000| Untracked 
|  21|0x00000000c1500000, 0x00000000c15decf8, 0x00000000c1600000| 87%| O|  |TAMS 0x00000000c1500000, 0x00000000c1500000| Untracked 
|  22|0x00000000c1600000, 0x00000000c16c98f8, 0x00000000c1700000| 78%| O|  |TAMS 0x00000000c1600000, 0x00000000c1600000| Untracked 
|  23|0x00000000c1700000, 0x00000000c1700000, 0x00000000c1800000|  0%| F|  |TAMS 0x00000000c1700000, 0x00000000c1700000| Untracked 
|  24|0x00000000c1800000, 0x00000000c1800000, 0x00000000c1900000|  0%| F|  |TAMS 0x00000000c1800000, 0x00000000c1800000| Untracked 
|  25|0x00000000c1900000, 0x00000000c1a00000, 0x00000000c1a00000|100%| O|  |TAMS 0x00000000c1a00000, 0x00000000c1900000| Untracked 
|  26|0x00000000c1a00000, 0x00000000c1a00000, 0x00000000c1b00000|  0%| F|  |TAMS 0x00000000c1a00000, 0x00000000c1a00000| Untracked 
|  27|0x00000000c1b00000, 0x00000000c1b00000, 0x00000000c1c00000|  0%| F|  |TAMS 0x00000000c1b00000, 0x00000000c1b00000| Untracked 
|  28|0x00000000c1c00000, 0x00000000c1c00000, 0x00000000c1d00000|  0%| F|  |TAMS 0x00000000c1c00000, 0x00000000c1c00000| Untracked 
|  29|0x00000000c1d00000, 0x00000000c1d00000, 0x00000000c1e00000|  0%| F|  |TAMS 0x00000000c1d00000, 0x00000000c1d00000| Untracked 
|  30|0x00000000c1e00000, 0x00000000c1e00000, 0x00000000c1f00000|  0%| F|  |TAMS 0x00000000c1e00000, 0x00000000c1e00000| Untracked 
|  31|0x00000000c1f00000, 0x00000000c1f00000, 0x00000000c2000000|  0%| F|  |TAMS 0x00000000c1f00000, 0x00000000c1f00000| Untracked 
|  32|0x00000000c2000000, 0x00000000c2000000, 0x00000000c2100000|  0%| F|  |TAMS 0x00000000c2000000, 0x00000000c2000000| Untracked 
|  33|0x00000000c2100000, 0x00000000c2100000, 0x00000000c2200000|  0%| F|  |TAMS 0x00000000c2100000, 0x00000000c2100000| Untracked 
|  34|0x00000000c2200000, 0x00000000c2200000, 0x00000000c2300000|  0%| F|  |TAMS 0x00000000c2200000, 0x00000000c2200000| Untracked 
|  35|0x00000000c2300000, 0x00000000c2300000, 0x00000000c2400000|  0%| F|  |TAMS 0x00000000c2300000, 0x00000000c2300000| Untracked 
|  36|0x00000000c2400000, 0x00000000c2400000, 0x00000000c2500000|  0%| F|  |TAMS 0x00000000c2400000, 0x00000000c2400000| Untracked 
|  37|0x00000000c2500000, 0x00000000c2500000, 0x00000000c2600000|  0%| F|  |TAMS 0x00000000c2500000, 0x00000000c2500000| Untracked 
|  38|0x00000000c2600000, 0x00000000c2600000, 0x00000000c2700000|  0%| F|  |TAMS 0x00000000c2600000, 0x00000000c2600000| Untracked 
|  39|0x00000000c2700000, 0x00000000c2700000, 0x00000000c2800000|  0%| F|  |TAMS 0x00000000c2700000, 0x00000000c2700000| Untracked 
|  40|0x00000000c2800000, 0x00000000c2800000, 0x00000000c2900000|  0%| F|  |TAMS 0x00000000c2800000, 0x00000000c2800000| Untracked 
|  41|0x00000000c2900000, 0x00000000c2900000, 0x00000000c2a00000|  0%| F|  |TAMS 0x00000000c2900000, 0x00000000c2900000| Untracked 
|  42|0x00000000c2a00000, 0x00000000c2a00000, 0x00000000c2b00000|  0%| F|  |TAMS 0x00000000c2a00000, 0x00000000c2a00000| Untracked 
|  43|0x00000000c2b00000, 0x00000000c2b00000, 0x00000000c2c00000|  0%| F|  |TAMS 0x00000000c2b00000, 0x00000000c2b00000| Untracked 
|  44|0x00000000c2c00000, 0x00000000c2c00000, 0x00000000c2d00000|  0%| F|  |TAMS 0x00000000c2c00000, 0x00000000c2c00000| Untracked 
|  45|0x00000000c2d00000, 0x00000000c2d00000, 0x00000000c2e00000|  0%| F|  |TAMS 0x00000000c2d00000, 0x00000000c2d00000| Untracked 
|  46|0x00000000c2e00000, 0x00000000c2e00000, 0x00000000c2f00000|  0%| F|  |TAMS 0x00000000c2e00000, 0x00000000c2e00000| Untracked 
|  47|0x00000000c2f00000, 0x00000000c2f00000, 0x00000000c3000000|  0%| F|  |TAMS 0x00000000c2f00000, 0x00000000c2f00000| Untracked 
|  48|0x00000000c3000000, 0x00000000c3000000, 0x00000000c3100000|  0%| F|  |TAMS 0x00000000c3000000, 0x00000000c3000000| Untracked 
|  49|0x00000000c3100000, 0x00000000c3100000, 0x00000000c3200000|  0%| F|  |TAMS 0x00000000c3100000, 0x00000000c3100000| Untracked 
|  50|0x00000000c3200000, 0x00000000c3200000, 0x00000000c3300000|  0%| F|  |TAMS 0x00000000c3200000, 0x00000000c3200000| Untracked 
|  51|0x00000000c3300000, 0x00000000c3300000, 0x00000000c3400000|  0%| F|  |TAMS 0x00000000c3300000, 0x00000000c3300000| Untracked 
|  52|0x00000000c3400000, 0x00000000c3400000, 0x00000000c3500000|  0%| F|  |TAMS 0x00000000c3400000, 0x00000000c3400000| Untracked 
|  53|0x00000000c3500000, 0x00000000c3500000, 0x00000000c3600000|  0%| F|  |TAMS 0x00000000c3500000, 0x00000000c3500000| Untracked 
|  54|0x00000000c3600000, 0x00000000c3600000, 0x00000000c3700000|  0%| F|  |TAMS 0x00000000c3600000, 0x00000000c3600000| Untracked 
|  55|0x00000000c3700000, 0x00000000c3700000, 0x00000000c3800000|  0%| F|  |TAMS 0x00000000c3700000, 0x00000000c3700000| Untracked 
|  56|0x00000000c3800000, 0x00000000c3800000, 0x00000000c3900000|  0%| F|  |TAMS 0x00000000c3800000, 0x00000000c3800000| Untracked 
|  57|0x00000000c3900000, 0x00000000c3900000, 0x00000000c3a00000|  0%| F|  |TAMS 0x00000000c3900000, 0x00000000c3900000| Untracked 
|  58|0x00000000c3a00000, 0x00000000c3a00000, 0x00000000c3b00000|  0%| F|  |TAMS 0x00000000c3a00000, 0x00000000c3a00000| Untracked 
|  59|0x00000000c3b00000, 0x00000000c3b00000, 0x00000000c3c00000|  0%| F|  |TAMS 0x00000000c3b00000, 0x00000000c3b00000| Untracked 
|  60|0x00000000c3c00000, 0x00000000c3c00000, 0x00000000c3d00000|  0%| F|  |TAMS 0x00000000c3c00000, 0x00000000c3c00000| Untracked 
|  61|0x00000000c3d00000, 0x00000000c3d00000, 0x00000000c3e00000|  0%| F|  |TAMS 0x00000000c3d00000, 0x00000000c3d00000| Untracked 
|  62|0x00000000c3e00000, 0x00000000c3e00000, 0x00000000c3f00000|  0%| F|  |TAMS 0x00000000c3e00000, 0x00000000c3e00000| Untracked 
|  63|0x00000000c3f00000, 0x00000000c3f0e110, 0x00000000c4000000|  5%| E|  |TAMS 0x00000000c3f00000, 0x00000000c3f00000| Complete 

Card table byte_map: [0x000001ca630e0000,0x000001ca632e0000] _byte_map_base: 0x000001ca62ae0000

Marking Bits (Prev, Next): (CMBitMap*) 0x000001ca5d4a0540, (CMBitMap*) 0x000001ca5d4a0500
 Prev Bits: [0x000001ca644e0000, 0x000001ca654e0000)
 Next Bits: [0x000001ca634e0000, 0x000001ca644e0000)

Polling page: 0x000001ca5b2c0000

Metaspace:

Usage:
  Non-class:     49.73 MB used.
      Class:      7.05 MB used.
       Both:     56.78 MB used.

Virtual space:
  Non-class space:       64.00 MB reserved,      50.12 MB ( 78%) committed,  1 nodes.
      Class space:        1.00 GB reserved,       7.31 MB ( <1%) committed,  1 nodes.
             Both:        1.06 GB reserved,      57.44 MB (  5%) committed. 

Chunk freelists:
   Non-Class:  13.54 MB
       Class:  8.61 MB
        Both:  22.15 MB

MaxMetaspaceSize: unlimited
CompressedClassSpaceSize: 1.00 GB
Initial GC threshold: 21.00 MB
Current GC threshold: 95.75 MB
CDS: off
MetaspaceReclaimPolicy: balanced
 - commit_granule_bytes: 65536.
 - commit_granule_words: 8192.
 - virtual_space_node_default_size: 8388608.
 - enlarge_chunks_in_place: 1.
 - new_chunks_are_fully_committed: 0.
 - uncommit_free_chunks: 1.
 - use_allocation_guard: 0.
 - handle_deallocations: 1.


Internal statistics:

num_allocs_failed_limit: 6.
num_arena_births: 624.
num_arena_deaths: 214.
num_vsnodes_births: 2.
num_vsnodes_deaths: 0.
num_space_committed: 919.
num_space_uncommitted: 0.
num_chunks_returned_to_freelist: 254.
num_chunks_taken_from_freelist: 2417.
num_chunk_merges: 81.
num_chunk_splits: 1721.
num_chunks_enlarged: 1322.
num_inconsistent_stats: 0.

CodeCache: size=49152Kb used=9655Kb max_used=10200Kb free=39496Kb
 bounds [0x000001ca600e0000, 0x000001ca60b50000, 0x000001ca630e0000]
 total_blobs=5945 nmethods=5284 adapters=588
 compilation: enabled
              stopped_count=0, restarted_count=0
 full_count=0

Compilation events (20 events):
Event: 32.850 Thread 0x000001ca679c4160 5285       1       ch.qos.logback.classic.Logger::filterAndLog_0_Or3Plus (61 bytes)
Event: 32.851 Thread 0x000001ca679c4160 nmethod 5285 0x000001ca607a0190 code [0x000001ca607a0380, 0x000001ca607a06f8]
Event: 34.092 Thread 0x000001ca679c4160 5286       1       com.google.common.cache.LocalCache$StrongEntry::getHash (5 bytes)
Event: 34.092 Thread 0x000001ca679c4160 nmethod 5286 0x000001ca6079fe90 code [0x000001ca607a0020, 0x000001ca607a00f8]
Event: 34.094 Thread 0x000001ca679c4160 5287       1       com.google.common.cache.LocalCache$2::peek (2 bytes)
Event: 34.094 Thread 0x000001ca679c4160 nmethod 5287 0x000001ca6079fb90 code [0x000001ca6079fd20, 0x000001ca6079fdf8]
Event: 34.094 Thread 0x000001ca679c4160 5288       1       java.net.URI::getRawFragment (5 bytes)
Event: 34.094 Thread 0x000001ca679c4160 nmethod 5288 0x000001ca6079f890 code [0x000001ca6079fa20, 0x000001ca6079faf8]
Event: 34.094 Thread 0x000001ca679c4160 5289       1       java.net.URI::getRawQuery (5 bytes)
Event: 34.094 Thread 0x000001ca679c4160 nmethod 5289 0x000001ca6079f590 code [0x000001ca6079f720, 0x000001ca6079f7f8]
Event: 44.661 Thread 0x000001ca679c4160 5290       1       java.util.concurrent.CompletableFuture::postComplete (94 bytes)
Event: 44.663 Thread 0x000001ca679c4160 nmethod 5290 0x000001ca6079da90 code [0x000001ca6079ddc0, 0x000001ca6079ee38]
Event: 77.900 Thread 0x000001ca679c4160 5293       1       java.util.logging.LogManager::getProperty (9 bytes)
Event: 77.956 Thread 0x000001ca679c4160 nmethod 5293 0x000001ca6079d190 code [0x000001ca6079d320, 0x000001ca6079d408]
Event: 77.959 Thread 0x000001ca679c4160 5294   !   1       java.util.zip.ZipFile$CleanableResource::run (251 bytes)
Event: 77.960 Thread 0x000001ca679c4160 nmethod 5294 0x000001ca6079c090 code [0x000001ca6079c2e0, 0x000001ca6079cb18]
Event: 77.960 Thread 0x000001ca679c4160 5295   !   1       java.util.zip.ZipFile$Source::release (50 bytes)
Event: 77.961 Thread 0x000001ca679c4160 nmethod 5295 0x000001ca6079b990 code [0x000001ca6079bb60, 0x000001ca6079be08]
Event: 92.589 Thread 0x000001ca679c4160 5296       1       java.util.concurrent.locks.LockSupport::setBlocker (12 bytes)
Event: 92.589 Thread 0x000001ca679c4160 nmethod 5296 0x000001ca6079b690 code [0x000001ca6079b820, 0x000001ca6079b918]

GC Heap History (20 events):
Event: 28.383 GC heap before
{Heap before GC invocations=21 (full 0):
 garbage-first heap   total 61440K, used 36319K [0x00000000c0000000, 0x0000000100000000)
  region size 1024K, 3 young (3072K), 2 survivors (2048K)
 Metaspace       used 53188K, committed 53696K, reserved 1114112K
  class space    used 6611K, committed 6848K, reserved 1048576K
}
Event: 28.386 GC heap after
{Heap after GC invocations=22 (full 0):
 garbage-first heap   total 61440K, used 35389K [0x00000000c0000000, 0x0000000100000000)
  region size 1024K, 1 young (1024K), 1 survivors (1024K)
 Metaspace       used 53188K, committed 53696K, reserved 1114112K
  class space    used 6611K, committed 6848K, reserved 1048576K
}
Event: 28.596 GC heap before
{Heap before GC invocations=22 (full 0):
 garbage-first heap   total 61440K, used 46653K [0x00000000c0000000, 0x0000000100000000)
  region size 1024K, 12 young (12288K), 1 survivors (1024K)
 Metaspace       used 54290K, committed 54784K, reserved 1114112K
  class space    used 6739K, committed 6976K, reserved 1048576K
}
Event: 28.598 GC heap after
{Heap after GC invocations=23 (full 0):
 garbage-first heap   total 61440K, used 35927K [0x00000000c0000000, 0x0000000100000000)
  region size 1024K, 1 young (1024K), 1 survivors (1024K)
 Metaspace       used 54290K, committed 54784K, reserved 1114112K
  class space    used 6739K, committed 6976K, reserved 1048576K
}
Event: 29.706 GC heap before
{Heap before GC invocations=24 (full 0):
 garbage-first heap   total 65536K, used 46167K [0x00000000c0000000, 0x0000000100000000)
  region size 1024K, 12 young (12288K), 1 survivors (1024K)
 Metaspace       used 56662K, committed 57152K, reserved 1114112K
  class space    used 7019K, committed 7296K, reserved 1048576K
}
Event: 29.709 GC heap after
{Heap after GC invocations=25 (full 0):
 garbage-first heap   total 65536K, used 36764K [0x00000000c0000000, 0x0000000100000000)
  region size 1024K, 2 young (2048K), 2 survivors (2048K)
 Metaspace       used 56662K, committed 57152K, reserved 1114112K
  class space    used 7019K, committed 7296K, reserved 1048576K
}
Event: 29.732 GC heap before
{Heap before GC invocations=25 (full 0):
 garbage-first heap   total 65536K, used 37788K [0x00000000c0000000, 0x0000000100000000)
  region size 1024K, 3 young (3072K), 2 survivors (2048K)
 Metaspace       used 56917K, committed 57408K, reserved 1114112K
  class space    used 7053K, committed 7296K, reserved 1048576K
}
Event: 29.737 GC heap after
{Heap after GC invocations=26 (full 0):
 garbage-first heap   total 65536K, used 36567K [0x00000000c0000000, 0x0000000100000000)
  region size 1024K, 1 young (1024K), 1 survivors (1024K)
 Metaspace       used 56917K, committed 57408K, reserved 1114112K
  class space    used 7053K, committed 7296K, reserved 1048576K
}
Event: 77.900 GC heap before
{Heap before GC invocations=26 (full 0):
 garbage-first heap   total 65536K, used 48855K [0x00000000c0000000, 0x0000000100000000)
  region size 1024K, 15 young (15360K), 1 survivors (1024K)
 Metaspace       used 58358K, committed 58816K, reserved 1114112K
  class space    used 7263K, committed 7488K, reserved 1048576K
}
Event: 77.955 GC heap after
{Heap after GC invocations=27 (full 1):
 garbage-first heap   total 65536K, used 33409K [0x00000000c0000000, 0x0000000100000000)
  region size 1024K, 0 young (0K), 0 survivors (0K)
 Metaspace       used 58358K, committed 58816K, reserved 1114112K
  class space    used 7263K, committed 7488K, reserved 1048576K
}
Event: 88.512 GC heap before
{Heap before GC invocations=27 (full 1):
 garbage-first heap   total 65536K, used 33409K [0x00000000c0000000, 0x0000000100000000)
  region size 1024K, 1 young (1024K), 0 survivors (0K)
 Metaspace       used 58360K, committed 58816K, reserved 1114112K
  class space    used 7264K, committed 7488K, reserved 1048576K
}
Event: 88.593 GC heap after
{Heap after GC invocations=28 (full 2):
 garbage-first heap   total 65536K, used 24166K [0x00000000c0000000, 0x0000000100000000)
  region size 1024K, 0 young (0K), 0 survivors (0K)
 Metaspace       used 58142K, committed 58816K, reserved 1114112K
  class space    used 7214K, committed 7488K, reserved 1048576K
}
Event: 98.742 GC heap before
{Heap before GC invocations=28 (full 2):
 garbage-first heap   total 65536K, used 24166K [0x00000000c0000000, 0x0000000100000000)
  region size 1024K, 1 young (1024K), 0 survivors (0K)
 Metaspace       used 58142K, committed 58816K, reserved 1114112K
  class space    used 7214K, committed 7488K, reserved 1048576K
}
Event: 98.784 GC heap after
{Heap after GC invocations=29 (full 3):
 garbage-first heap   total 65536K, used 24165K [0x00000000c0000000, 0x0000000100000000)
  region size 1024K, 0 young (0K), 0 survivors (0K)
 Metaspace       used 58142K, committed 58816K, reserved 1114112K
  class space    used 7214K, committed 7488K, reserved 1048576K
}
Event: 108.951 GC heap before
{Heap before GC invocations=29 (full 3):
 garbage-first heap   total 65536K, used 24165K [0x00000000c0000000, 0x0000000100000000)
  region size 1024K, 1 young (1024K), 0 survivors (0K)
 Metaspace       used 58142K, committed 58816K, reserved 1114112K
  class space    used 7214K, committed 7488K, reserved 1048576K
}
Event: 109.000 GC heap after
{Heap after GC invocations=30 (full 4):
 garbage-first heap   total 65536K, used 24165K [0x00000000c0000000, 0x0000000100000000)
  region size 1024K, 0 young (0K), 0 survivors (0K)
 Metaspace       used 58142K, committed 58816K, reserved 1114112K
  class space    used 7214K, committed 7488K, reserved 1048576K
}
Event: 119.249 GC heap before
{Heap before GC invocations=30 (full 4):
 garbage-first heap   total 65536K, used 24165K [0x00000000c0000000, 0x0000000100000000)
  region size 1024K, 1 young (1024K), 0 survivors (0K)
 Metaspace       used 58142K, committed 58816K, reserved 1114112K
  class space    used 7214K, committed 7488K, reserved 1048576K
}
Event: 119.302 GC heap after
{Heap after GC invocations=31 (full 5):
 garbage-first heap   total 65536K, used 24165K [0x00000000c0000000, 0x0000000100000000)
  region size 1024K, 0 young (0K), 0 survivors (0K)
 Metaspace       used 58142K, committed 58816K, reserved 1114112K
  class space    used 7214K, committed 7488K, reserved 1048576K
}
Event: 129.741 GC heap before
{Heap before GC invocations=31 (full 5):
 garbage-first heap   total 65536K, used 24165K [0x00000000c0000000, 0x0000000100000000)
  region size 1024K, 1 young (1024K), 0 survivors (0K)
 Metaspace       used 58142K, committed 58816K, reserved 1114112K
  class space    used 7214K, committed 7488K, reserved 1048576K
}
Event: 129.796 GC heap after
{Heap after GC invocations=32 (full 6):
 garbage-first heap   total 65536K, used 24165K [0x00000000c0000000, 0x0000000100000000)
  region size 1024K, 0 young (0K), 0 survivors (0K)
 Metaspace       used 58142K, committed 58816K, reserved 1114112K
  class space    used 7214K, committed 7488K, reserved 1048576K
}

Dll operation events (9 events):
Event: 0.010 Loaded shared library c:\Users\HP\.vscode\extensions\redhat.java-1.24.0-win32-x64\jre\17.0.8.1-win32-x86_64\bin\java.dll
Event: 0.512 Loaded shared library C:\Users\HP\.vscode\extensions\redhat.java-1.24.0-win32-x64\jre\17.0.8.1-win32-x86_64\bin\net.dll
Event: 0.516 Loaded shared library C:\Users\HP\.vscode\extensions\redhat.java-1.24.0-win32-x64\jre\17.0.8.1-win32-x86_64\bin\nio.dll
Event: 0.535 Loaded shared library C:\Users\HP\.vscode\extensions\redhat.java-1.24.0-win32-x64\jre\17.0.8.1-win32-x86_64\bin\zip.dll
Event: 1.404 Loaded shared library C:\Users\HP\.vscode\extensions\redhat.java-1.24.0-win32-x64\jre\17.0.8.1-win32-x86_64\bin\jimage.dll
Event: 15.364 Loaded shared library c:\Users\HP\.vscode\extensions\redhat.java-1.24.0-win32-x64\jre\17.0.8.1-win32-x86_64\bin\verify.dll
Event: 17.639 Loaded shared library C:\Users\HP\.vscode\extensions\redhat.java-1.24.0-win32-x64\jre\17.0.8.1-win32-x86_64\bin\management.dll
Event: 17.657 Loaded shared library C:\Users\HP\.vscode\extensions\redhat.java-1.24.0-win32-x64\jre\17.0.8.1-win32-x86_64\bin\management_ext.dll
Event: 26.099 Loaded shared library C:\Users\HP\.vscode\extensions\redhat.java-1.24.0-win32-x64\jre\17.0.8.1-win32-x86_64\bin\sunmscapi.dll

Deoptimization events (14 events):
Event: 8.532 Thread 0x000001ca5b3ce460 DEOPT PACKING pc=0x000001ca605d5719 sp=0x00000046d1afd310
Event: 8.532 Thread 0x000001ca5b3ce460 DEOPT UNPACKING pc=0x000001ca60137143 sp=0x00000046d1afc7f0 mode 3
Event: 11.253 Thread 0x000001ca5b3ce460 DEOPT PACKING pc=0x000001ca6064d0d5 sp=0x00000046d1afe920
Event: 11.253 Thread 0x000001ca5b3ce460 DEOPT UNPACKING pc=0x000001ca60137143 sp=0x00000046d1afddc8 mode 3
Event: 19.562 Thread 0x000001ca6d26ca90 DEOPT PACKING pc=0x000001ca60865b35 sp=0x00000046d35fdd20
Event: 19.562 Thread 0x000001ca6d26ca90 DEOPT UNPACKING pc=0x000001ca60137143 sp=0x00000046d35fd248 mode 3
Event: 19.664 Thread 0x000001ca6d26f310 DEOPT PACKING pc=0x000001ca60592901 sp=0x00000046d34fd9e0
Event: 19.664 Thread 0x000001ca6d26f310 DEOPT UNPACKING pc=0x000001ca60137143 sp=0x00000046d34fce70 mode 3
Event: 20.173 Thread 0x000001ca6d26ca90 DEOPT PACKING pc=0x000001ca60573f17 sp=0x00000046d35fed50
Event: 20.173 Thread 0x000001ca6d26ca90 DEOPT UNPACKING pc=0x000001ca60137143 sp=0x00000046d35fe1a8 mode 3
Event: 26.417 Thread 0x000001ca6d46fec0 DEOPT PACKING pc=0x000001ca602cd48c sp=0x00000046d47fada0
Event: 26.417 Thread 0x000001ca6d46fec0 DEOPT UNPACKING pc=0x000001ca60137143 sp=0x00000046d47fa268 mode 0
Event: 27.411 Thread 0x000001ca6d473670 DEOPT PACKING pc=0x000001ca6025f364 sp=0x00000046d41f9960
Event: 27.411 Thread 0x000001ca6d473670 DEOPT UNPACKING pc=0x000001ca60137143 sp=0x00000046d41f8dd8 mode 0

Classes unloaded (20 events):
Event: 88.544 Thread 0x000001ca5d51e5d0 Unloading class 0x0000000100221800 'java/lang/invoke/LambdaForm$MH+0x0000000100221800'
Event: 88.544 Thread 0x000001ca5d51e5d0 Unloading class 0x0000000100096000 'java/lang/invoke/LambdaForm$MH+0x0000000100096000'
Event: 88.545 Thread 0x000001ca5d51e5d0 Unloading class 0x0000000100095c00 'java/lang/invoke/LambdaForm$MH+0x0000000100095c00'
Event: 88.545 Thread 0x000001ca5d51e5d0 Unloading class 0x0000000100095800 'java/lang/invoke/LambdaForm$MH+0x0000000100095800'
Event: 88.545 Thread 0x000001ca5d51e5d0 Unloading class 0x0000000100095400 'java/lang/invoke/LambdaForm$MH+0x0000000100095400'
Event: 88.545 Thread 0x000001ca5d51e5d0 Unloading class 0x0000000100095000 'java/lang/invoke/LambdaForm$MH+0x0000000100095000'
Event: 88.545 Thread 0x000001ca5d51e5d0 Unloading class 0x0000000100094c00 'java/lang/invoke/LambdaForm$MH+0x0000000100094c00'
Event: 88.545 Thread 0x000001ca5d51e5d0 Unloading class 0x0000000100094800 'java/lang/invoke/LambdaForm$MH+0x0000000100094800'
Event: 88.545 Thread 0x000001ca5d51e5d0 Unloading class 0x0000000100094400 'java/lang/invoke/LambdaForm$MH+0x0000000100094400'
Event: 88.545 Thread 0x000001ca5d51e5d0 Unloading class 0x000000010008e800 'java/lang/invoke/LambdaForm$MH+0x000000010008e800'
Event: 88.545 Thread 0x000001ca5d51e5d0 Unloading class 0x000000010008e400 'java/lang/invoke/LambdaForm$MH+0x000000010008e400'
Event: 88.545 Thread 0x000001ca5d51e5d0 Unloading class 0x000000010008e000 'java/lang/invoke/LambdaForm$MH+0x000000010008e000'
Event: 88.545 Thread 0x000001ca5d51e5d0 Unloading class 0x000000010008dc00 'java/lang/invoke/LambdaForm$MH+0x000000010008dc00'
Event: 88.545 Thread 0x000001ca5d51e5d0 Unloading class 0x000000010008d800 'java/lang/invoke/LambdaForm$MH+0x000000010008d800'
Event: 88.545 Thread 0x000001ca5d51e5d0 Unloading class 0x000000010008d400 'java/lang/invoke/LambdaForm$MH+0x000000010008d400'
Event: 88.545 Thread 0x000001ca5d51e5d0 Unloading class 0x000000010008cc00 'java/lang/invoke/LambdaForm$MH+0x000000010008cc00'
Event: 88.545 Thread 0x000001ca5d51e5d0 Unloading class 0x000000010008c800 'java/lang/invoke/LambdaForm$MH+0x000000010008c800'
Event: 88.545 Thread 0x000001ca5d51e5d0 Unloading class 0x000000010008c000 'java/lang/invoke/LambdaForm$MH+0x000000010008c000'
Event: 88.545 Thread 0x000001ca5d51e5d0 Unloading class 0x000000010008bc00 'java/lang/invoke/LambdaForm$MH+0x000000010008bc00'
Event: 88.545 Thread 0x000001ca5d51e5d0 Unloading class 0x0000000100088400 'java/lang/invoke/LambdaForm$MH+0x0000000100088400'

Classes redefined (0 events):
No events

Internal exceptions (20 events):
Event: 30.720 Thread 0x000001ca6d472c50 Exception <a 'sun/nio/fs/WindowsException'{0x00000000c33e4ac0}> (0x00000000c33e4ac0) 
thrown [s\src\hotspot\share\prims\jni.cpp, line 516]
Event: 30.721 Thread 0x000001ca6d472c50 Exception <a 'sun/nio/fs/WindowsException'{0x00000000c33e5e68}> (0x00000000c33e5e68) 
thrown [s\src\hotspot\share\prims\jni.cpp, line 516]
Event: 30.721 Thread 0x000001ca6d472c50 Exception <a 'sun/nio/fs/WindowsException'{0x00000000c33e6728}> (0x00000000c33e6728) 
thrown [s\src\hotspot\share\prims\jni.cpp, line 516]
Event: 30.722 Thread 0x000001ca6d472c50 Exception <a 'sun/nio/fs/WindowsException'{0x00000000c33e6f68}> (0x00000000c33e6f68) 
thrown [s\src\hotspot\share\prims\jni.cpp, line 516]
Event: 30.722 Thread 0x000001ca6d472c50 Exception <a 'sun/nio/fs/WindowsException'{0x00000000c33e7828}> (0x00000000c33e7828) 
thrown [s\src\hotspot\share\prims\jni.cpp, line 516]
Event: 30.722 Thread 0x000001ca6d472c50 Exception <a 'sun/nio/fs/WindowsException'{0x00000000c33e81a0}> (0x00000000c33e81a0) 
thrown [s\src\hotspot\share\prims\jni.cpp, line 516]
Event: 32.098 Thread 0x000001ca6d472c50 Exception <a 'sun/nio/fs/WindowsException'{0x00000000c3174b50}> (0x00000000c3174b50) 
thrown [s\src\hotspot\share\prims\jni.cpp, line 516]
Event: 32.098 Thread 0x000001ca6d472c50 Exception <a 'sun/nio/fs/WindowsException'{0x00000000c3175410}> (0x00000000c3175410) 
thrown [s\src\hotspot\share\prims\jni.cpp, line 516]
Event: 32.098 Thread 0x000001ca6d472c50 Exception <a 'sun/nio/fs/WindowsException'{0x00000000c3175c50}> (0x00000000c3175c50) 
thrown [s\src\hotspot\share\prims\jni.cpp, line 516]
Event: 32.098 Thread 0x000001ca6d472c50 Exception <a 'sun/nio/fs/WindowsException'{0x00000000c3176510}> (0x00000000c3176510) 
thrown [s\src\hotspot\share\prims\jni.cpp, line 516]
Event: 32.098 Thread 0x000001ca6d472c50 Exception <a 'sun/nio/fs/WindowsException'{0x00000000c3176e88}> (0x00000000c3176e88) 
thrown [s\src\hotspot\share\prims\jni.cpp, line 516]
Event: 32.099 Thread 0x000001ca6d472c50 Exception <a 'sun/nio/fs/WindowsException'{0x00000000c3177868}> (0x00000000c3177868) 
thrown [s\src\hotspot\share\prims\jni.cpp, line 516]
Event: 32.100 Thread 0x000001ca6d472c50 Exception <a 'sun/nio/fs/WindowsException'{0x00000000c3178c10}> (0x00000000c3178c10) 
thrown [s\src\hotspot\share\prims\jni.cpp, line 516]
Event: 32.101 Thread 0x000001ca6d472c50 Exception <a 'sun/nio/fs/WindowsException'{0x00000000c31794d0}> (0x00000000c31794d0) 
thrown [s\src\hotspot\share\prims\jni.cpp, line 516]
Event: 32.101 Thread 0x000001ca6d472c50 Exception <a 'sun/nio/fs/WindowsException'{0x00000000c3179d10}> (0x00000000c3179d10) 
thrown [s\src\hotspot\share\prims\jni.cpp, line 516]
Event: 32.101 Thread 0x000001ca6d472c50 Exception <a 'sun/nio/fs/WindowsException'{0x00000000c317a5d0}> (0x00000000c317a5d0) 
thrown [s\src\hotspot\share\prims\jni.cpp, line 516]
Event: 32.101 Thread 0x000001ca6d472c50 Exception <a 'sun/nio/fs/WindowsException'{0x00000000c317af48}> (0x00000000c317af48) 
thrown [s\src\hotspot\share\prims\jni.cpp, line 516]
Event: 32.101 Thread 0x000001ca6d472c50 Exception <a 'sun/nio/fs/WindowsException'{0x00000000c317b928}> (0x00000000c317b928) 
thrown [s\src\hotspot\share\prims\jni.cpp, line 516]
Event: 77.678 Thread 0x000001ca6d26c580 Exception <a 'java/lang/NoSuchMethodError'{0x00000000c31edd50}: 'void java.lang.invoke.DirectMethodHandle$Holder.invokeStatic(java.lang.Object, long)'> (0x00000000c31edd50) 
thrown [s\src\hotspot\share\interpreter\linkResolver.cpp, line 759]
Event: 77.679 Thread 0x000001ca6d26c580 Exception <a 'java/lang/NoSuchMethodError'{0x00000000c31f3138}: 'java.lang.Object java.lang.invoke.DirectMethodHandle$Holder.newInvokeSpecial(java.lang.Object, long)'> (0x00000000c31f3138) 
thrown [s\src\hotspot\share\interpreter\linkResolver.cpp, line 759]

VM Operations (20 events):
Event: 60.121 Executing VM operation: HandshakeAllThreads done
Event: 77.681 Executing VM operation: HandshakeAllThreads
Event: 77.681 Executing VM operation: HandshakeAllThreads done
Event: 77.681 Executing VM operation: Cleanup
Event: 77.681 Executing VM operation: Cleanup done
Event: 77.900 Executing VM operation: G1CollectFull
Event: 77.956 Executing VM operation: G1CollectFull done
Event: 88.512 Executing VM operation: G1CollectFull
Event: 88.593 Executing VM operation: G1CollectFull done
Event: 98.742 Executing VM operation: G1CollectFull
Event: 98.785 Executing VM operation: G1CollectFull done
Event: 108.951 Executing VM operation: G1CollectFull
Event: 109.000 Executing VM operation: G1CollectFull done
Event: 119.249 Executing VM operation: G1CollectFull
Event: 119.302 Executing VM operation: G1CollectFull done
Event: 120.277 Executing VM operation: HandshakeAllThreads
Event: 120.277 Executing VM operation: HandshakeAllThreads done
Event: 129.741 Executing VM operation: G1CollectFull
Event: 129.796 Executing VM operation: G1CollectFull done
Event: 140.096 Executing VM operation: G1CollectFull

Events (20 events):
Event: 77.680 loading class java/lang/ProcessImpl$2 done
Event: 77.680 loading class java/lang/Process$PipeInputStream
Event: 77.680 loading class java/lang/Process$PipeInputStream done
Event: 77.681 loading class jdk/internal/event/ProcessStartEvent
Event: 77.681 loading class jdk/internal/event/ProcessStartEvent done
Event: 77.956 loading class java/io/RandomAccessFile$1
Event: 77.956 loading class java/io/RandomAccessFile$1 done
Event: 81.038 Thread 0x000001ca6d26c070 Thread exited: 0x000001ca6d26c070
Event: 81.164 Thread 0x000001ca6d26cfa0 Thread exited: 0x000001ca6d26cfa0
Event: 81.165 Thread 0x000001ca6d26e3e0 Thread exited: 0x000001ca6d26e3e0
Event: 81.254 Thread 0x000001ca6d470df0 Thread exited: 0x000001ca6d470df0
Event: 81.410 Thread 0x000001ca6d476400 Thread exited: 0x000001ca6d476400
Event: 81.458 Thread 0x000001ca6d474fc0 Thread exited: 0x000001ca6d474fc0
Event: 88.667 Thread 0x000001ca6d473670 Thread exited: 0x000001ca6d473670
Event: 90.701 Thread 0x000001ca6d4754d0 Thread exited: 0x000001ca6d4754d0
Event: 91.537 Thread 0x000001ca6d26f820 Thread exited: 0x000001ca6d26f820
Event: 91.658 Thread 0x000001ca6d472230 Thread exited: 0x000001ca6d472230
Event: 91.661 Thread 0x000001ca6d4708e0 Thread exited: 0x000001ca6d4708e0
Event: 92.591 Thread 0x000001ca6d26ded0 Thread exited: 0x000001ca6d26ded0
Event: 104.662 Thread 0x000001ca6d475ef0 Thread exited: 0x000001ca6d475ef0


Dynamic libraries:
0x00007ff711630000 - 0x00007ff71163e000 	c:\Users\HP\.vscode\extensions\redhat.java-1.24.0-win32-x64\jre\17.0.8.1-win32-x86_64\bin\java.exe
0x00007ffe0eb90000 - 0x00007ffe0ed84000 	C:\WINDOWS\SYSTEM32\ntdll.dll
0x00007ffe0d940000 - 0x00007ffe0d9fd000 	C:\WINDOWS\System32\KERNEL32.DLL
0x00007ffe0c430000 - 0x00007ffe0c6f7000 	C:\WINDOWS\System32\KERNELBASE.dll
0x00007ffe0c700000 - 0x00007ffe0c800000 	C:\WINDOWS\System32\ucrtbase.dll
0x00007ffdf9da0000 - 0x00007ffdf9db7000 	c:\Users\HP\.vscode\extensions\redhat.java-1.24.0-win32-x64\jre\17.0.8.1-win32-x86_64\bin\jli.dll
0x00007ffe0db70000 - 0x00007ffe0dd10000 	C:\WINDOWS\System32\USER32.dll
0x00007ffe0c9d0000 - 0x00007ffe0c9f2000 	C:\WINDOWS\System32\win32u.dll
0x00007ffe0d910000 - 0x00007ffe0d93a000 	C:\WINDOWS\System32\GDI32.dll
0x00007ffe0c2d0000 - 0x00007ffe0c3da000 	C:\WINDOWS\System32\gdi32full.dll
0x00007ffe0c930000 - 0x00007ffe0c9cd000 	C:\WINDOWS\System32\msvcp_win.dll
0x00007ffdf81a0000 - 0x00007ffdf81b9000 	c:\Users\HP\.vscode\extensions\redhat.java-1.24.0-win32-x64\jre\17.0.8.1-win32-x86_64\bin\VCRUNTIME140.dll
0x00007ffdf63f0000 - 0x00007ffdf668a000 	C:\WINDOWS\WinSxS\amd64_microsoft.windows.common-controls_6595b64144ccf1df_6.0.19041.1_none_b555e41d4684ddec\COMCTL32.dll
0x00007ffe0e190000 - 0x00007ffe0e22e000 	C:\WINDOWS\System32\msvcrt.dll
0x00007ffe0dd90000 - 0x00007ffe0ddc0000 	C:\WINDOWS\System32\IMM32.DLL
0x00007ffe08000000 - 0x00007ffe0800c000 	c:\Users\HP\.vscode\extensions\redhat.java-1.24.0-win32-x64\jre\17.0.8.1-win32-x86_64\bin\vcruntime140_1.dll
0x00007ffdc1960000 - 0x00007ffdc19f1000 	c:\Users\HP\.vscode\extensions\redhat.java-1.24.0-win32-x64\jre\17.0.8.1-win32-x86_64\bin\msvcp140.dll
0x00007ffda8e10000 - 0x00007ffda9a5c000 	c:\Users\HP\.vscode\extensions\redhat.java-1.24.0-win32-x64\jre\17.0.8.1-win32-x86_64\bin\server\jvm.dll
0x00007ffe0e230000 - 0x00007ffe0e2da000 	C:\WINDOWS\System32\ADVAPI32.dll
0x00007ffe0ddc0000 - 0x00007ffe0de5b000 	C:\WINDOWS\System32\sechost.dll
0x00007ffe0d410000 - 0x00007ffe0d533000 	C:\WINDOWS\System32\RPCRT4.dll
0x00007ffe0b8e0000 - 0x00007ffe0b92b000 	C:\WINDOWS\SYSTEM32\POWRPROF.dll
0x00007ffe081e0000 - 0x00007ffe081e9000 	C:\WINDOWS\SYSTEM32\WSOCK32.dll
0x00007ffe036b0000 - 0x00007ffe036d7000 	C:\WINDOWS\SYSTEM32\WINMM.dll
0x00007ffe0e070000 - 0x00007ffe0e0db000 	C:\WINDOWS\System32\WS2_32.dll
0x00007ffe080a0000 - 0x00007ffe080aa000 	C:\WINDOWS\SYSTEM32\VERSION.dll
0x00007ffe0b750000 - 0x00007ffe0b762000 	C:\WINDOWS\SYSTEM32\UMPDC.dll
0x00007ffe0a260000 - 0x00007ffe0a273000 	C:\WINDOWS\SYSTEM32\kernel.appcore.dll
0x00007ffe06d60000 - 0x00007ffe06d6a000 	c:\Users\HP\.vscode\extensions\redhat.java-1.24.0-win32-x64\jre\17.0.8.1-win32-x86_64\bin\jimage.dll
0x00007ffdfc960000 - 0x00007ffdfcb44000 	C:\WINDOWS\SYSTEM32\DBGHELP.DLL
0x00007ffdfdae0000 - 0x00007ffdfdb0c000 	C:\WINDOWS\SYSTEM32\dbgcore.DLL
0x00007ffe0c8b0000 - 0x00007ffe0c92f000 	C:\WINDOWS\System32\bcryptPrimitives.dll
0x00007ffde8130000 - 0x00007ffde8155000 	c:\Users\HP\.vscode\extensions\redhat.java-1.24.0-win32-x64\jre\17.0.8.1-win32-x86_64\bin\java.dll
0x00007ffdf1180000 - 0x00007ffdf1198000 	c:\Users\HP\.vscode\extensions\redhat.java-1.24.0-win32-x64\jre\17.0.8.1-win32-x86_64\bin\zip.dll
0x00007ffe0ccd0000 - 0x00007ffe0d401000 	C:\WINDOWS\System32\SHELL32.dll
0x00007ffe0a460000 - 0x00007ffe0abea000 	C:\WINDOWS\SYSTEM32\windows.storage.dll
0x00007ffe0d550000 - 0x00007ffe0d8a4000 	C:\WINDOWS\System32\combase.dll
0x00007ffe0bd50000 - 0x00007ffe0bd7b000 	C:\WINDOWS\SYSTEM32\Wldp.dll
0x00007ffe0e880000 - 0x00007ffe0e92e000 	C:\WINDOWS\System32\SHCORE.dll
0x00007ffe0da00000 - 0x00007ffe0da55000 	C:\WINDOWS\System32\shlwapi.dll
0x00007ffe0c210000 - 0x00007ffe0c22f000 	C:\WINDOWS\SYSTEM32\profapi.dll
0x00007ffde8900000 - 0x00007ffde8919000 	C:\Users\HP\.vscode\extensions\redhat.java-1.24.0-win32-x64\jre\17.0.8.1-win32-x86_64\bin\net.dll
0x00007ffe036e0000 - 0x00007ffe037e2000 	C:\WINDOWS\SYSTEM32\WINHTTP.dll
0x00007ffe0bad0000 - 0x00007ffe0bb3a000 	C:\WINDOWS\system32\mswsock.dll
0x00007ffde7f20000 - 0x00007ffde7f35000 	C:\Users\HP\.vscode\extensions\redhat.java-1.24.0-win32-x64\jre\17.0.8.1-win32-x86_64\bin\nio.dll
0x00007ffe0bcb0000 - 0x00007ffe0bcc8000 	C:\WINDOWS\SYSTEM32\CRYPTSP.dll
0x00007ffe0b3f0000 - 0x00007ffe0b424000 	C:\WINDOWS\system32\rsaenh.dll
0x00007ffe0cbc0000 - 0x00007ffe0cbe7000 	C:\WINDOWS\System32\bcrypt.dll
0x00007ffe0c1d0000 - 0x00007ffe0c1fe000 	C:\WINDOWS\SYSTEM32\USERENV.dll
0x00007ffe0bca0000 - 0x00007ffe0bcac000 	C:\WINDOWS\SYSTEM32\CRYPTBASE.dll
0x00007ffe0b770000 - 0x00007ffe0b7ab000 	C:\WINDOWS\SYSTEM32\IPHLPAPI.DLL
0x00007ffe0da60000 - 0x00007ffe0da69000 	C:\WINDOWS\System32\NSI.dll
0x00007ffe03690000 - 0x00007ffe036a7000 	C:\WINDOWS\SYSTEM32\dhcpcsvc6.DLL
0x00007ffe03c60000 - 0x00007ffe03c7d000 	C:\WINDOWS\SYSTEM32\dhcpcsvc.DLL
0x00007ffe0b7b0000 - 0x00007ffe0b87a000 	C:\WINDOWS\SYSTEM32\DNSAPI.dll
0x00007ffe067b0000 - 0x00007ffe067c0000 	c:\Users\HP\.vscode\extensions\redhat.java-1.24.0-win32-x64\jre\17.0.8.1-win32-x86_64\bin\verify.dll
0x00007ffe08230000 - 0x00007ffe08239000 	C:\Users\HP\.vscode\extensions\redhat.java-1.24.0-win32-x64\jre\17.0.8.1-win32-x86_64\bin\management.dll
0x00007ffe081f0000 - 0x00007ffe081fb000 	C:\Users\HP\.vscode\extensions\redhat.java-1.24.0-win32-x64\jre\17.0.8.1-win32-x86_64\bin\management_ext.dll
0x00007ffe0da70000 - 0x00007ffe0da78000 	C:\WINDOWS\System32\PSAPI.DLL
0x00007ffe08020000 - 0x00007ffe0802e000 	C:\Users\HP\.vscode\extensions\redhat.java-1.24.0-win32-x64\jre\17.0.8.1-win32-x86_64\bin\sunmscapi.dll
0x00007ffe0ca60000 - 0x00007ffe0cbbc000 	C:\WINDOWS\System32\CRYPT32.dll
0x00007ffe0bdc0000 - 0x00007ffe0bde7000 	C:\WINDOWS\SYSTEM32\ncrypt.dll
0x00007ffe0bd80000 - 0x00007ffe0bdbb000 	C:\WINDOWS\SYSTEM32\NTASN1.dll
0x00007ffe04140000 - 0x00007ffe0414a000 	C:\Windows\System32\rasadhlp.dll
0x00007ffdfcbb0000 - 0x00007ffdfcc2f000 	C:\WINDOWS\System32\fwpuclnt.dll

dbghelp: loaded successfully - version: 4.0.5 - missing functions: none
symbol engine: initialized successfully - sym options: 0x614 - pdb path: .;c:\Users\HP\.vscode\extensions\redhat.java-1.24.0-win32-x64\jre\17.0.8.1-win32-x86_64\bin;C:\WINDOWS\SYSTEM32;C:\WINDOWS\WinSxS\amd64_microsoft.windows.common-controls_6595b64144ccf1df_6.0.19041.1_none_b555e41d4684ddec;c:\Users\HP\.vscode\extensions\redhat.java-1.24.0-win32-x64\jre\17.0.8.1-win32-x86_64\bin\server

VM Arguments:
jvm_args: -XX:+HeapDumpOnOutOfMemoryError -Xmx1024m -Dsts.lsp.client=vscode -Dsts.log.file=/dev/null -XX:TieredStopAtLevel=1 -Xlog:jni+resolve=off -Dspring.config.location=file:c:\Users\HP\.vscode\extensions\vmware.vscode-spring-boot-1.50.0\language-server\BOOT-INF\classes\application.properties 
java_command: org.springframework.ide.vscode.boot.app.BootLanguageServerBootApp
java_class_path (initial): c:\Users\HP\.vscode\extensions\vmware.vscode-spring-boot-1.50.0\language-server\BOOT-INF\classes;c:\Users\HP\.vscode\extensions\vmware.vscode-spring-boot-1.50.0\language-server\BOOT-INF\lib\annotations-24.0.1.jar;c:\Users\HP\.vscode\extensions\vmware.vscode-spring-boot-1.50.0\language-server\BOOT-INF\lib\antlr-runtime-3.5.3.jar;c:\Users\HP\.vscode\extensions\vmware.vscode-spring-boot-1.50.0\language-server\BOOT-INF\lib\antlr4-4.11.1.jar;c:\Users\HP\.vscode\extensions\vmware.vscode-spring-boot-1.50.0\language-server\BOOT-INF\lib\antlr4-runtime-4.11.1.jar;c:\Users\HP\.vscode\extensions\vmware.vscode-spring-boot-1.50.0\language-server\BOOT-INF\lib\archunit-1.1.0.jar;c:\Users\HP\.vscode\extensions\vmware.vscode-spring-boot-1.50.0\language-server\BOOT-INF\lib\asm-9.5.jar;c:\Users\HP\.vscode\extensions\vmware.vscode-spring-boot-1.50.0\language-server\BOOT-INF\lib\asm-analysis-9.5.jar;c:\Users\HP\.vscode\extensions\vmware.vscode-spring-boot-1.50.0\language-server\BOOT-INF\lib\asm-tree-9.5.jar;c:\Users\HP\.vscode\extensions\vmware.vscode-spring-boot-1.50.0\language-server\BOOT-INF\lib\asm-util-9.5.jar;c:\Users\HP\.vscode\extensions\vmware.vscode-spring-boot-1.50.0\language-server\BOOT-INF\lib\bosh-language-server-1.50.0-SNAPSHOT.jar;c:\Users\HP\.vscode\extensions\vmware.vscode-spring-boot-1.50.0\language-server\BOOT-INF\lib\caffeine-3.1.8.jar;c:\Users\HP\.vscode\extensions\vmware.vscode-spring-boot-1.50.0\language-server\BOOT-INF\lib\checker-qual-3.12.0.jar;c:\Users\HP\.vscode\extensions\vmware.vscode-spring-boot-1.50.0\language-server\BOOT-INF\lib\classgraph-4.8.149.jar;c:\Users\HP\.vscode\extensions\vmware.vscode-spring-boot-1.50.0\language-server\BOOT-INF\lib\commons-codec-1.15.jar;c:\Users\HP\.vscode\extensions\vmware.vscode-spring-boot-1.50.0\language-server\BOOT-INF\lib\commons-compress-1.24.0.jar;c:\Users\HP\.vscode\extensions\vmware.vscode-spring-boot-1.50.0\language-server\BOOT-INF\lib\commons-io-2.4.jar;c:\Users\HP\.vscode\extensions\v
Launcher Type: SUN_STANDARD

[Global flags]
     intx CICompilerCount                          = 3                                         {product} {ergonomic}
     uint ConcGCThreads                            = 1                                         {product} {ergonomic}
     uint G1ConcRefinementThreads                  = 4                                         {product} {ergonomic}
   size_t G1HeapRegionSize                         = 1048576                                   {product} {ergonomic}
    uintx GCDrainStackTargetSize                   = 64                                        {product} {ergonomic}
     bool HeapDumpOnOutOfMemoryError               = true                                   {manageable} {command line}
   size_t InitialHeapSize                          = 65011712                                  {product} {ergonomic}
   size_t MarkStackSize                            = 4194304                                   {product} {ergonomic}
   size_t MaxHeapSize                              = 1073741824                                {product} {command line}
   size_t MaxNewSize                               = 643825664                                 {product} {ergonomic}
   size_t MinHeapDeltaBytes                        = 1048576                                   {product} {ergonomic}
   size_t MinHeapSize                              = 8388608                                   {product} {ergonomic}
    uintx NonProfiledCodeHeapSize                  = 0                                      {pd product} {ergonomic}
     bool ProfileInterpreter                       = false                                  {pd product} {command line}
    uintx ProfiledCodeHeapSize                     = 0                                      {pd product} {ergonomic}
   size_t SoftMaxHeapSize                          = 1073741824                             {manageable} {ergonomic}
     intx TieredStopAtLevel                        = 1                                         {product} {command line}
     bool UseCompressedClassPointers               = true                           {product lp64_product} {ergonomic}
     bool UseCompressedOops                        = true                           {product lp64_product} {ergonomic}
     bool UseG1GC                                  = true                                      {product} {ergonomic}
     bool UseLargePagesIndividualAllocation        = false                                  {pd product} {ergonomic}

Logging:
Log output configuration:
 #0: stdout all=warning,jni+resolve=off uptime,level,tags
 #1: stderr all=off uptime,level,tags

Environment Variables:
JAVA_HOME=C:\Program Files\Java\jdk1.8.0_45
CLASSPATH=%CLASSPATH%;%JUNIT_HOME%\junit-4.13.2.jar;hamcrest-core-1.3.jar;;E:\kiemthunangcao\junit\junit-4.13.2.jar;hamcrest-core-1.3.jar;;E:\kiemthunangcao\junit\junit-4.13.2.jar;hamcrest-core-1.3.jar;
PATH=C:\ProgramData\Oracle\Java\javapath;C:\Program Files (x86)\Common Files\Oracle\Java\javapath;C:\WINDOWS\system32;C:\WINDOWS;C:\WINDOWS\System32\Wbem;C:\WINDOWS\System32\WindowsPowerShell\v1.0\;C:\Users\HP\Downloads\winlibs-x86_64-posix-seh-gcc-11.2.0-llvm-12.0.1-mingw-w64-9.0.0-r1\mingw64\bin;C:\WINDOWS\System32\OpenSSH\;C:\Program Files\Broadcom\Broadcom 802.11\Driver;C:\Program Files\Azure Data Studio\bin;C:\Program Files\Java\jdk1.8.0_45;C:\Program Files\Java\jdbc\sqljdbc42.jar;d:\Program Files(x86)\100\Tools\Binn\;d:\Program Files\100\Tools\Binn\;d:\Program Files\100\DTS\Binn\;C:\Program Files (x86)\Microsoft SQL Server\100\Tools\Binn\;C:\Program Files (x86)\Microsoft SQL Server\100\Tools\Binn\VSShell\Common7\IDE\;C:\Program Files (x86)\Microsoft SQL Server\100\DTS\Binn\;C:\Program Files (x86)\Microsoft SQL Server\110\Tools\Binn\;C:\Program Files (x86)\Microsoft SQL Server\110\DTS\Binn\;C:\Program Files\nodejs\;C:\Program Files (x86)\Microsoft SQL Server\160\Tools\Binn\;C:\Program Files\Microsoft SQL Server\160\Tools\Binn\;C:\Program Files\Microsoft SQL Server\Client SDK\ODBC\170\Tools\Binn\;C:\Program Files\Microsoft SQL Server\160\DTS\Binn\;C:\Program Files (x86)\Microsoft SQL Server\160\DTS\Binn\;C:\Program Files\Java\jdk1.8.0_45\bin;E:\vs\Git\cmd;C:\Users\HP\AppData\Local\Microsoft\WindowsApps;C:\Users\HP\Downloads\winlibs-x86_64-posix-seh-gcc-11.2.0-llvm-12.0.1-mingw-w64-9.0.0-r1\mingw64\bin;;C:\Program Files\Azure Data Studio\bin;E:\vs\Microsoft VS Code\bin;C:\Users\HP\AppData\Roaming\npm
USERNAME=HP
OS=Windows_NT
PROCESSOR_IDENTIFIER=Intel64 Family 6 Model 58 Stepping 9, GenuineIntel
TMP=C:\Users\HP\AppData\Local\Temp
TEMP=D:\



---------------  S Y S T E M  ---------------

OS:
 Windows 10 , 64 bit Build 19041 (10.0.19041.1)
OS uptime: 0 days 22:23 hours

CPU: total 4 (initial active 4) (2 cores per cpu, 2 threads per core) family 6 model 58 stepping 9 microcode 0x21, cx8, cmov, fxsr, ht, mmx, sse, sse2, sse3, ssse3, sse4.1, sse4.2, popcnt, tsc, tscinvbit, avx, aes, erms, clmul, vzeroupper, clflush
Processor Information for all 4 processors :
  Max Mhz: 2401, Current Mhz: 2401, Mhz Limit: 2401

Memory: 4k page, system-wide physical 3959M (317M free)
TotalPageFile size 10146M (AvailPageFile size 5M)
current process WorkingSet (physical memory assigned to process): 160M, peak: 193M
current process commit charge ("private bytes"): 219M, peak: 228M

vm_info: OpenJDK 64-Bit Server VM (17.0.8.1+1) for windows-amd64 JRE (17.0.8.1+1), built on Aug 23 2023 15:29:17 by "admin" with MS VC++ 16.7 (VS2019)

END.
